Using pre-set license
Built from '2020.2/staging' branch; Version is '2020.2.3f1 (8ff31bc5bf5b) revision 9433883'; Using compiler version '192528614'; Build Type 'Release'
OS: 'Windows 10 Pro; OS build 18363.1256; Version 1909; 64bit' Language: 'en' Physical Memory: 12169 MB
BatchMode: 1, IsHumanControllingUs: 0, StartBugReporterOnCrash: 0, Is64bit: 1, IsPro: 0

 COMMAND LINE ARGUMENTS:
D:\UnityVersionsFolder\2020.2.3f1\Editor\Unity.exe
-adb2
-batchMode
-noUpm
-name
AssetImportWorker0
-projectPath
D:/Smth_else/GitReposGumes/Minesweeper_MageJam/Minesweeper
-logFile
Logs/AssetImportWorker0.log
-srvPort
56851
Successfully changed project path to: D:/Smth_else/GitReposGumes/Minesweeper_MageJam/Minesweeper
D:/Smth_else/GitReposGumes/Minesweeper_MageJam/Minesweeper
Using Asset Import Pipeline V2.
Refreshing native plugins compatible for Editor in 70.58 ms, found 1 plugins.
Preloading 0 native plugins for Editor in 0.00 ms.
Initialize engine version: 2020.2.3f1 (8ff31bc5bf5b)
[Subsystems] Discovering subsystems at path D:/UnityVersionsFolder/2020.2.3f1/Editor/Data/Resources/UnitySubsystems
[Subsystems] Discovering subsystems at path D:/Smth_else/GitReposGumes/Minesweeper_MageJam/Minesweeper/Assets
GfxDevice: creating device client; threaded=0
Direct3D:
    Version:  Direct3D 11.0 [level 11.1]
    Renderer: Intel(R) HD Graphics 620 (ID=0x5916)
    Vendor:   
    VRAM:     6084 MB
    Driver:   27.20.100.8681
Initialize mono
Mono path[0] = 'D:/UnityVersionsFolder/2020.2.3f1/Editor/Data/Managed'
Mono path[1] = 'D:/UnityVersionsFolder/2020.2.3f1/Editor/Data/MonoBleedingEdge/lib/mono/unityjit'
Mono config path = 'D:/UnityVersionsFolder/2020.2.3f1/Editor/Data/MonoBleedingEdge/etc'
Using monoOptions --debugger-agent=transport=dt_socket,embedding=1,server=y,suspend=n,address=127.0.0.1:56804
Begin MonoManager ReloadAssembly
Registering precompiled unity dll's ...
Register platform support module: D:/UnityVersionsFolder/2020.2.3f1/Editor/Data/PlaybackEngines/WindowsStandaloneSupport/UnityEditor.WindowsStandalone.Extensions.dll
Registered in 0.001654 seconds.
Native extension for WindowsStandalone target not found
Refreshing native plugins compatible for Editor in 62.32 ms, found 1 plugins.
Preloading 0 native plugins for Editor in 0.00 ms.
Invoked RoslynAnalysisRunner static constructor.
RoslynAnalysisRunner will not be running.
RoslynAnalysisRunner has terminated.
Mono: successfully reloaded assembly
- Completed reload, in  1.454 seconds
Platform modules already initialized, skipping
Registering precompiled user dll's ...
Registered in 0.001161 seconds.
Begin MonoManager ReloadAssembly
Native extension for WindowsStandalone target not found
Refreshing native plugins compatible for Editor in 54.38 ms, found 1 plugins.
Preloading 0 native plugins for Editor in 0.00 ms.
Invoked RoslynAnalysisRunner static constructor.
RoslynAnalysisRunner will not be running.
RoslynAnalysisRunner has terminated.
Mono: successfully reloaded assembly
- Completed reload, in  1.490 seconds
Platform modules already initialized, skipping
========================================================================
Worker process is ready to serve import requests
Launched and connected shader compiler UnityShaderCompiler.exe after 0.08 seconds
Refreshing native plugins compatible for Editor in 0.92 ms, found 1 plugins.
Preloading 0 native plugins for Editor in 0.00 ms.
Unloading 1793 Unused Serialized files (Serialized files now loaded: 0)
System memory in use before: 84.4 MB.
System memory in use after: 84.5 MB.

Unloading 19 unused Assets to reduce memory usage. Loaded Objects now: 2242.
Total: 5.559100 ms (FindLiveObjects: 0.501500 ms CreateObjectMapping: 0.263700 ms MarkObjects: 4.614800 ms  DeleteObjects: 0.176200 ms)

========================================================================
Received Import Request.
  path: Assets/Ilumisoft/Minesweeper/Prefabs/Tiles/Normal Tile.prefab
  artifactKey: Guid(8b3be3472d450d747985c267aabdc835) Importer(815301076,1909f56bfc062723c751e8b465ee728b)
Start importing Assets/Ilumisoft/Minesweeper/Prefabs/Tiles/Normal Tile.prefab using Guid(8b3be3472d450d747985c267aabdc835) Importer(815301076,1909f56bfc062723c751e8b465ee728b)  -> (artifact id: '7cf369552f1835d03a6aa9a678428cdf') in 0.319146 seconds
  Import took 0.326795 seconds .

========================================================================
Received Import Request.
  Time since last request: 51.040823 seconds.
  path: Assets/Ilumisoft/Minesweeper/Scripts/GameManagerMission.cs
  artifactKey: Guid(5e359f47973011e4895700befcbd18a1) Importer(815301076,1909f56bfc062723c751e8b465ee728b)
Start importing Assets/Ilumisoft/Minesweeper/Scripts/GameManagerMission.cs using Guid(5e359f47973011e4895700befcbd18a1) Importer(815301076,1909f56bfc062723c751e8b465ee728b)  -> (artifact id: 'd8e5c43ad997e01bf01f5a7275e75f9e') in 0.020350 seconds
  Import took 0.028246 seconds .

========================================================================
Received Import Request.
  Time since last request: 0.001977 seconds.
  path: Assets/Ilumisoft/Minesweeper/Scripts/GameManagerMission.cs
  artifactKey: Guid(5e359f47973011e4895700befcbd18a1) Importer(815301076,1909f56bfc062723c751e8b465ee728b)
Start importing Assets/Ilumisoft/Minesweeper/Scripts/GameManagerMission.cs using Guid(5e359f47973011e4895700befcbd18a1) Importer(815301076,1909f56bfc062723c751e8b465ee728b)  -> (artifact id: 'd8e5c43ad997e01bf01f5a7275e75f9e') in 0.008808 seconds
  Import took 0.016042 seconds .

========================================================================
Received Import Request.
  Time since last request: 6.669318 seconds.
  path: Assets/Ilumisoft/Minesweeper/Scripts/Tile
  artifactKey: Guid(5a77a1545c40323488e82ca80b77718a) Importer(815301076,1909f56bfc062723c751e8b465ee728b)
Start importing Assets/Ilumisoft/Minesweeper/Scripts/Tile using Guid(5a77a1545c40323488e82ca80b77718a) Importer(815301076,1909f56bfc062723c751e8b465ee728b)  -> (artifact id: 'b7528a66eccf366768b8cbd7abc012c3') in 0.430488 seconds
  Import took 0.503154 seconds .

========================================================================
Received Import Request.
  Time since last request: 0.314493 seconds.
  path: Assets/Ilumisoft/Minesweeper/Scripts/Tile Grid
  artifactKey: Guid(dcaa5034ad3775a4ab7ca8e9ccf36d6b) Importer(815301076,1909f56bfc062723c751e8b465ee728b)
Start importing Assets/Ilumisoft/Minesweeper/Scripts/Tile Grid using Guid(dcaa5034ad3775a4ab7ca8e9ccf36d6b) Importer(815301076,1909f56bfc062723c751e8b465ee728b)  -> (artifact id: '887e6c9daaa17517d622bf7f73d09cad') in 0.036805 seconds
  Import took 0.052345 seconds .

========================================================================
Received Prepare
Registering precompiled user dll's ...
Registered in 0.002444 seconds.
Begin MonoManager ReloadAssembly
Native extension for WindowsStandalone target not found
Refreshing native plugins compatible for Editor in 0.48 ms, found 1 plugins.
Preloading 0 native plugins for Editor in 0.00 ms.
Invoked RoslynAnalysisRunner static constructor.
RoslynAnalysisRunner will not be running.
RoslynAnalysisRunner has terminated.
Mono: successfully reloaded assembly
- Completed reload, in  1.881 seconds
Platform modules already initialized, skipping
Refreshing native plugins compatible for Editor in 0.44 ms, found 1 plugins.
Preloading 0 native plugins for Editor in 0.00 ms.
Unloading 1783 Unused Serialized files (Serialized files now loaded: 0)
System memory in use before: 87.1 MB.
System memory in use after: 87.2 MB.

Unloading 7 unused Assets to reduce memory usage. Loaded Objects now: 2252.
Total: 3.379300 ms (FindLiveObjects: 0.341500 ms CreateObjectMapping: 0.240600 ms MarkObjects: 2.770400 ms  DeleteObjects: 0.024200 ms)

========================================================================
Received Prepare
Registering precompiled user dll's ...
Registered in 0.001686 seconds.
Begin MonoManager ReloadAssembly
Native extension for WindowsStandalone target not found
Refreshing native plugins compatible for Editor in 0.43 ms, found 1 plugins.
Preloading 0 native plugins for Editor in 0.00 ms.
Invoked RoslynAnalysisRunner static constructor.
RoslynAnalysisRunner will not be running.
RoslynAnalysisRunner has terminated.
Mono: successfully reloaded assembly
- Completed reload, in  1.511 seconds
Platform modules already initialized, skipping
Refreshing native plugins compatible for Editor in 0.63 ms, found 1 plugins.
Preloading 0 native plugins for Editor in 0.00 ms.
Unloading 1783 Unused Serialized files (Serialized files now loaded: 0)
System memory in use before: 87.1 MB.
System memory in use after: 87.2 MB.

Unloading 7 unused Assets to reduce memory usage. Loaded Objects now: 2255.
Total: 4.423300 ms (FindLiveObjects: 0.386600 ms CreateObjectMapping: 0.124500 ms MarkObjects: 3.885400 ms  DeleteObjects: 0.024500 ms)

========================================================================
Received Import Request.
  Time since last request: 630.947052 seconds.
  path: Assets/Ilumisoft/Minesweeper/Animations/Blocked.anim
  artifactKey: Guid(90aa5db1a8c5f244ea3984df418a8e6b) Importer(815301076,1909f56bfc062723c751e8b465ee728b)
Start importing Assets/Ilumisoft/Minesweeper/Animations/Blocked.anim using Guid(90aa5db1a8c5f244ea3984df418a8e6b) Importer(815301076,1909f56bfc062723c751e8b465ee728b)  -> (artifact id: '8504e740b65403a0f499b98e69de538e') in 0.028674 seconds
  Import took 0.035359 seconds .

========================================================================
Received Import Request.
  Time since last request: 0.078640 seconds.
  path: Assets/Ilumisoft/Minesweeper/Animations/Blocked.anim
  artifactKey: Guid(90aa5db1a8c5f244ea3984df418a8e6b) Importer(815301076,1909f56bfc062723c751e8b465ee728b)
Start importing Assets/Ilumisoft/Minesweeper/Animations/Blocked.anim using Guid(90aa5db1a8c5f244ea3984df418a8e6b) Importer(815301076,1909f56bfc062723c751e8b465ee728b)  -> (artifact id: '8504e740b65403a0f499b98e69de538e') in 0.009596 seconds
  Import took 0.015314 seconds .

========================================================================
Received Prepare
Registering precompiled user dll's ...
Registered in 0.001956 seconds.
Begin MonoManager ReloadAssembly
Native extension for WindowsStandalone target not found
Refreshing native plugins compatible for Editor in 0.74 ms, found 1 plugins.
Preloading 0 native plugins for Editor in 0.00 ms.
Invoked RoslynAnalysisRunner static constructor.
RoslynAnalysisRunner will not be running.
RoslynAnalysisRunner has terminated.
Mono: successfully reloaded assembly
- Completed reload, in  1.541 seconds
Platform modules already initialized, skipping
Refreshing native plugins compatible for Editor in 0.42 ms, found 1 plugins.
Preloading 0 native plugins for Editor in 0.00 ms.
Unloading 1783 Unused Serialized files (Serialized files now loaded: 0)
System memory in use before: 87.1 MB.
System memory in use after: 87.3 MB.

Unloading 7 unused Assets to reduce memory usage. Loaded Objects now: 2258.
Total: 2.818300 ms (FindLiveObjects: 0.216200 ms CreateObjectMapping: 0.075100 ms MarkObjects: 2.495900 ms  DeleteObjects: 0.028900 ms)

========================================================================
Received Import Request.
  Time since last request: 161.694798 seconds.
  path: Assets/Ilumisoft/Minesweeper/Animations/Tile Animator.controller
  artifactKey: Guid(ef3af623ec016a1448b6949304ba01e0) Importer(815301076,1909f56bfc062723c751e8b465ee728b)
Start importing Assets/Ilumisoft/Minesweeper/Animations/Tile Animator.controller using Guid(ef3af623ec016a1448b6949304ba01e0) Importer(815301076,1909f56bfc062723c751e8b465ee728b)  -> (artifact id: '0a72f495cb7f59e952a67aacb6fc8ea2') in 0.026680 seconds
  Import took 0.030988 seconds .

========================================================================
Received Import Request.
  Time since last request: 58.022665 seconds.
  path: Assets/Ilumisoft/Minesweeper/Animations/Lock.anim
  artifactKey: Guid(006162c20b1ef9e429b22c5f6e02d01f) Importer(815301076,1909f56bfc062723c751e8b465ee728b)
Start importing Assets/Ilumisoft/Minesweeper/Animations/Lock.anim using Guid(006162c20b1ef9e429b22c5f6e02d01f) Importer(815301076,1909f56bfc062723c751e8b465ee728b)  -> (artifact id: 'da23ee9f97e4a344f8858473f2049e8e') in 0.013456 seconds
  Import took 0.018094 seconds .

========================================================================
Received Import Request.
  Time since last request: 0.008828 seconds.
  path: Assets/Ilumisoft/Minesweeper/Animations/Lock.anim
  artifactKey: Guid(006162c20b1ef9e429b22c5f6e02d01f) Importer(815301076,1909f56bfc062723c751e8b465ee728b)
Start importing Assets/Ilumisoft/Minesweeper/Animations/Lock.anim using Guid(006162c20b1ef9e429b22c5f6e02d01f) Importer(815301076,1909f56bfc062723c751e8b465ee728b)  -> (artifact id: 'da23ee9f97e4a344f8858473f2049e8e') in 0.007748 seconds
  Import took 0.015962 seconds .

========================================================================
Received Prepare
Registering precompiled user dll's ...
Registered in 0.001613 seconds.
Begin MonoManager ReloadAssembly
Native extension for WindowsStandalone target not found
Refreshing native plugins compatible for Editor in 0.43 ms, found 1 plugins.
Preloading 0 native plugins for Editor in 0.00 ms.
Invoked RoslynAnalysisRunner static constructor.
RoslynAnalysisRunner will not be running.
RoslynAnalysisRunner has terminated.
Mono: successfully reloaded assembly
- Completed reload, in  1.542 seconds
Platform modules already initialized, skipping
Refreshing native plugins compatible for Editor in 0.53 ms, found 1 plugins.
Preloading 0 native plugins for Editor in 0.00 ms.
Unloading 1783 Unused Serialized files (Serialized files now loaded: 0)
System memory in use before: 87.2 MB.
System memory in use after: 87.3 MB.

Unloading 7 unused Assets to reduce memory usage. Loaded Objects now: 2261.
Total: 7.256400 ms (FindLiveObjects: 0.478100 ms CreateObjectMapping: 0.352500 ms MarkObjects: 6.370000 ms  DeleteObjects: 0.052400 ms)

========================================================================
Received Prepare
Registering precompiled user dll's ...
Registered in 0.001509 seconds.
Begin MonoManager ReloadAssembly
Native extension for WindowsStandalone target not found
Refreshing native plugins compatible for Editor in 0.68 ms, found 1 plugins.
Preloading 0 native plugins for Editor in 0.00 ms.
Invoked RoslynAnalysisRunner static constructor.
RoslynAnalysisRunner will not be running.
RoslynAnalysisRunner has terminated.
Mono: successfully reloaded assembly
- Completed reload, in  1.319 seconds
Platform modules already initialized, skipping
Refreshing native plugins compatible for Editor in 0.42 ms, found 1 plugins.
Preloading 0 native plugins for Editor in 0.00 ms.
Unloading 1783 Unused Serialized files (Serialized files now loaded: 0)
System memory in use before: 87.2 MB.
System memory in use after: 87.3 MB.

Unloading 7 unused Assets to reduce memory usage. Loaded Objects now: 2264.
Total: 2.713800 ms (FindLiveObjects: 0.217900 ms CreateObjectMapping: 0.087200 ms MarkObjects: 2.382000 ms  DeleteObjects: 0.024900 ms)

========================================================================
Received Prepare
Registering precompiled user dll's ...
Registered in 0.001079 seconds.
Begin MonoManager ReloadAssembly
Native extension for WindowsStandalone target not found
Refreshing native plugins compatible for Editor in 0.43 ms, found 1 plugins.
Preloading 0 native plugins for Editor in 0.00 ms.
Invoked RoslynAnalysisRunner static constructor.
RoslynAnalysisRunner will not be running.
RoslynAnalysisRunner has terminated.
Mono: successfully reloaded assembly
- Completed reload, in  2.053 seconds
Platform modules already initialized, skipping
Refreshing native plugins compatible for Editor in 0.44 ms, found 1 plugins.
Preloading 0 native plugins for Editor in 0.00 ms.
Unloading 1783 Unused Serialized files (Serialized files now loaded: 0)
System memory in use before: 87.2 MB.
System memory in use after: 87.3 MB.

Unloading 7 unused Assets to reduce memory usage. Loaded Objects now: 2267.
Total: 5.520200 ms (FindLiveObjects: 0.446000 ms CreateObjectMapping: 0.220900 ms MarkObjects: 4.795200 ms  DeleteObjects: 0.054400 ms)

========================================================================
Received Prepare
Registering precompiled user dll's ...
Registered in 0.001626 seconds.
Begin MonoManager ReloadAssembly
Native extension for WindowsStandalone target not found
Refreshing native plugins compatible for Editor in 0.65 ms, found 1 plugins.
Preloading 0 native plugins for Editor in 0.00 ms.
Invoked RoslynAnalysisRunner static constructor.
RoslynAnalysisRunner will not be running.
RoslynAnalysisRunner has terminated.
Mono: successfully reloaded assembly
- Completed reload, in  1.571 seconds
Platform modules already initialized, skipping
Refreshing native plugins compatible for Editor in 0.45 ms, found 1 plugins.
Preloading 0 native plugins for Editor in 0.00 ms.
Unloading 1783 Unused Serialized files (Serialized files now loaded: 0)
System memory in use before: 87.2 MB.
System memory in use after: 87.3 MB.

Unloading 7 unused Assets to reduce memory usage. Loaded Objects now: 2270.
Total: 4.189000 ms (FindLiveObjects: 0.562100 ms CreateObjectMapping: 0.337500 ms MarkObjects: 3.218000 ms  DeleteObjects: 0.068900 ms)

========================================================================
Received Prepare
Registering precompiled user dll's ...
Registered in 0.001570 seconds.
Begin MonoManager ReloadAssembly
Native extension for WindowsStandalone target not found
Refreshing native plugins compatible for Editor in 0.44 ms, found 1 plugins.
Preloading 0 native plugins for Editor in 0.00 ms.
Invoked RoslynAnalysisRunner static constructor.
RoslynAnalysisRunner will not be running.
RoslynAnalysisRunner has terminated.
Mono: successfully reloaded assembly
- Completed reload, in  1.352 seconds
Platform modules already initialized, skipping
Refreshing native plugins compatible for Editor in 0.42 ms, found 1 plugins.
Preloading 0 native plugins for Editor in 0.00 ms.
Unloading 1783 Unused Serialized files (Serialized files now loaded: 0)
System memory in use before: 87.2 MB.
System memory in use after: 87.3 MB.

Unloading 7 unused Assets to reduce memory usage. Loaded Objects now: 2273.
Total: 2.660900 ms (FindLiveObjects: 0.198400 ms CreateObjectMapping: 0.079700 ms MarkObjects: 2.355100 ms  DeleteObjects: 0.025900 ms)

========================================================================
Received Prepare
Registering precompiled user dll's ...
Registered in 0.001811 seconds.
Begin MonoManager ReloadAssembly
Native extension for WindowsStandalone target not found
Refreshing native plugins compatible for Editor in 0.49 ms, found 1 plugins.
Preloading 0 native plugins for Editor in 0.00 ms.
Invoked RoslynAnalysisRunner static constructor.
RoslynAnalysisRunner will not be running.
RoslynAnalysisRunner has terminated.
Mono: successfully reloaded assembly
- Completed reload, in  1.562 seconds
Platform modules already initialized, skipping
Refreshing native plugins compatible for Editor in 0.46 ms, found 1 plugins.
Preloading 0 native plugins for Editor in 0.00 ms.
Unloading 1783 Unused Serialized files (Serialized files now loaded: 0)
System memory in use before: 87.2 MB.
System memory in use after: 87.3 MB.

Unloading 7 unused Assets to reduce memory usage. Loaded Objects now: 2276.
Total: 3.644100 ms (FindLiveObjects: 0.292600 ms CreateObjectMapping: 0.116800 ms MarkObjects: 3.201600 ms  DeleteObjects: 0.031200 ms)

========================================================================
Received Prepare
Registering precompiled user dll's ...
Registered in 0.001140 seconds.
Begin MonoManager ReloadAssembly
Native extension for WindowsStandalone target not found
Refreshing native plugins compatible for Editor in 0.64 ms, found 1 plugins.
Preloading 0 native plugins for Editor in 0.00 ms.
Invoked RoslynAnalysisRunner static constructor.
RoslynAnalysisRunner will not be running.
RoslynAnalysisRunner has terminated.
Mono: successfully reloaded assembly
- Completed reload, in  1.480 seconds
Platform modules already initialized, skipping
Refreshing native plugins compatible for Editor in 0.43 ms, found 1 plugins.
Preloading 0 native plugins for Editor in 0.00 ms.
Unloading 1783 Unused Serialized files (Serialized files now loaded: 0)
System memory in use before: 87.2 MB.
System memory in use after: 87.3 MB.

Unloading 7 unused Assets to reduce memory usage. Loaded Objects now: 2279.
Total: 2.921000 ms (FindLiveObjects: 0.231100 ms CreateObjectMapping: 0.078800 ms MarkObjects: 2.583500 ms  DeleteObjects: 0.026000 ms)

========================================================================
Received Import Request.
  Time since last request: 703.101221 seconds.
  path: Assets/Ilumisoft/Minesweeper/Animations/Tile Animator.controller
  artifactKey: Guid(ef3af623ec016a1448b6949304ba01e0) Importer(815301076,1909f56bfc062723c751e8b465ee728b)
Start importing Assets/Ilumisoft/Minesweeper/Animations/Tile Animator.controller using Guid(ef3af623ec016a1448b6949304ba01e0) Importer(815301076,1909f56bfc062723c751e8b465ee728b)  -> (artifact id: '7c398c2fc61e2bad9007467dc52feb94') in 0.046703 seconds
  Import took 0.053822 seconds .

========================================================================
Received Prepare
Registering precompiled user dll's ...
Registered in 0.001188 seconds.
Begin MonoManager ReloadAssembly
Native extension for WindowsStandalone target not found
Refreshing native plugins compatible for Editor in 0.44 ms, found 1 plugins.
Preloading 0 native plugins for Editor in 0.00 ms.
Invoked RoslynAnalysisRunner static constructor.
RoslynAnalysisRunner will not be running.
RoslynAnalysisRunner has terminated.
Mono: successfully reloaded assembly
- Completed reload, in  1.620 seconds
Platform modules already initialized, skipping
Refreshing native plugins compatible for Editor in 0.43 ms, found 1 plugins.
Preloading 0 native plugins for Editor in 0.00 ms.
Unloading 1783 Unused Serialized files (Serialized files now loaded: 0)
System memory in use before: 87.2 MB.
System memory in use after: 87.3 MB.

Unloading 7 unused Assets to reduce memory usage. Loaded Objects now: 2282.
Total: 3.078000 ms (FindLiveObjects: 0.247800 ms CreateObjectMapping: 0.139800 ms MarkObjects: 2.665800 ms  DeleteObjects: 0.023000 ms)

========================================================================
Received Prepare
Registering precompiled user dll's ...
Registered in 0.001636 seconds.
Begin MonoManager ReloadAssembly
Native extension for WindowsStandalone target not found
Refreshing native plugins compatible for Editor in 0.67 ms, found 1 plugins.
Preloading 0 native plugins for Editor in 0.00 ms.
Invoked RoslynAnalysisRunner static constructor.
RoslynAnalysisRunner will not be running.
RoslynAnalysisRunner has terminated.
Mono: successfully reloaded assembly
- Completed reload, in  1.381 seconds
Platform modules already initialized, skipping
Refreshing native plugins compatible for Editor in 0.47 ms, found 1 plugins.
Preloading 0 native plugins for Editor in 0.00 ms.
Unloading 1783 Unused Serialized files (Serialized files now loaded: 0)
System memory in use before: 87.2 MB.
System memory in use after: 87.3 MB.

Unloading 7 unused Assets to reduce memory usage. Loaded Objects now: 2285.
Total: 2.691600 ms (FindLiveObjects: 0.189100 ms CreateObjectMapping: 0.071200 ms MarkObjects: 2.404900 ms  DeleteObjects: 0.024500 ms)

========================================================================
Received Prepare
Registering precompiled user dll's ...
Registered in 0.001056 seconds.
Begin MonoManager ReloadAssembly
Native extension for WindowsStandalone target not found
Refreshing native plugins compatible for Editor in 0.44 ms, found 1 plugins.
Preloading 0 native plugins for Editor in 0.00 ms.
Invoked RoslynAnalysisRunner static constructor.
RoslynAnalysisRunner will not be running.
RoslynAnalysisRunner has terminated.
Mono: successfully reloaded assembly
- Completed reload, in  1.523 seconds
Platform modules already initialized, skipping
Refreshing native plugins compatible for Editor in 0.43 ms, found 1 plugins.
Preloading 0 native plugins for Editor in 0.00 ms.
Unloading 1783 Unused Serialized files (Serialized files now loaded: 0)
System memory in use before: 87.2 MB.
System memory in use after: 87.4 MB.

Unloading 7 unused Assets to reduce memory usage. Loaded Objects now: 2288.
Total: 2.856000 ms (FindLiveObjects: 0.194200 ms CreateObjectMapping: 0.071600 ms MarkObjects: 2.561400 ms  DeleteObjects: 0.027000 ms)

========================================================================
Received Prepare
Registering precompiled user dll's ...
Registered in 0.001484 seconds.
Begin MonoManager ReloadAssembly
Native extension for WindowsStandalone target not found
Refreshing native plugins compatible for Editor in 0.43 ms, found 1 plugins.
Preloading 0 native plugins for Editor in 0.00 ms.
Invoked RoslynAnalysisRunner static constructor.
RoslynAnalysisRunner will not be running.
RoslynAnalysisRunner has terminated.
Mono: successfully reloaded assembly
- Completed reload, in  1.509 seconds
Platform modules already initialized, skipping
Refreshing native plugins compatible for Editor in 0.42 ms, found 1 plugins.
Preloading 0 native plugins for Editor in 0.00 ms.
Unloading 1783 Unused Serialized files (Serialized files now loaded: 0)
System memory in use before: 87.3 MB.
System memory in use after: 87.4 MB.

Unloading 7 unused Assets to reduce memory usage. Loaded Objects now: 2291.
Total: 2.649700 ms (FindLiveObjects: 0.191700 ms CreateObjectMapping: 0.073100 ms MarkObjects: 2.359200 ms  DeleteObjects: 0.024200 ms)

========================================================================
Received Prepare
Registering precompiled user dll's ...
Registered in 0.001306 seconds.
Begin MonoManager ReloadAssembly
Native extension for WindowsStandalone target not found
Refreshing native plugins compatible for Editor in 0.61 ms, found 1 plugins.
Preloading 0 native plugins for Editor in 0.00 ms.
Invoked RoslynAnalysisRunner static constructor.
RoslynAnalysisRunner will not be running.
RoslynAnalysisRunner has terminated.
Mono: successfully reloaded assembly
- Completed reload, in  1.347 seconds
Platform modules already initialized, skipping
Refreshing native plugins compatible for Editor in 0.53 ms, found 1 plugins.
Preloading 0 native plugins for Editor in 0.00 ms.
Unloading 1783 Unused Serialized files (Serialized files now loaded: 0)
System memory in use before: 87.3 MB.
System memory in use after: 87.4 MB.

Unloading 7 unused Assets to reduce memory usage. Loaded Objects now: 2294.
Total: 2.593300 ms (FindLiveObjects: 0.221100 ms CreateObjectMapping: 0.074200 ms MarkObjects: 2.271700 ms  DeleteObjects: 0.024500 ms)

========================================================================
Received Prepare
Registering precompiled user dll's ...
Registered in 0.001767 seconds.
Begin MonoManager ReloadAssembly
Native extension for WindowsStandalone target not found
Refreshing native plugins compatible for Editor in 0.44 ms, found 1 plugins.
Preloading 0 native plugins for Editor in 0.00 ms.
Invoked RoslynAnalysisRunner static constructor.
RoslynAnalysisRunner will not be running.
RoslynAnalysisRunner has terminated.
Mono: successfully reloaded assembly
- Completed reload, in  1.490 seconds
Platform modules already initialized, skipping
Refreshing native plugins compatible for Editor in 0.92 ms, found 1 plugins.
Preloading 0 native plugins for Editor in 0.00 ms.
Unloading 1783 Unused Serialized files (Serialized files now loaded: 0)
System memory in use before: 87.3 MB.
System memory in use after: 87.4 MB.

Unloading 7 unused Assets to reduce memory usage. Loaded Objects now: 2297.
Total: 5.464400 ms (FindLiveObjects: 0.757700 ms CreateObjectMapping: 0.422000 ms MarkObjects: 4.232600 ms  DeleteObjects: 0.048000 ms)

========================================================================
Received Prepare
Registering precompiled user dll's ...
Registered in 0.001033 seconds.
Begin MonoManager ReloadAssembly
Native extension for WindowsStandalone target not found
Refreshing native plugins compatible for Editor in 0.44 ms, found 1 plugins.
Preloading 0 native plugins for Editor in 0.00 ms.
Invoked RoslynAnalysisRunner static constructor.
RoslynAnalysisRunner will not be running.
RoslynAnalysisRunner has terminated.
Mono: successfully reloaded assembly
- Completed reload, in  1.456 seconds
Platform modules already initialized, skipping
Refreshing native plugins compatible for Editor in 0.44 ms, found 1 plugins.
Preloading 0 native plugins for Editor in 0.00 ms.
Unloading 1783 Unused Serialized files (Serialized files now loaded: 0)
System memory in use before: 87.3 MB.
System memory in use after: 87.4 MB.

Unloading 7 unused Assets to reduce memory usage. Loaded Objects now: 2300.
Total: 6.149700 ms (FindLiveObjects: 0.548000 ms CreateObjectMapping: 0.340700 ms MarkObjects: 5.216900 ms  DeleteObjects: 0.038700 ms)

========================================================================
Received Prepare
Registering precompiled user dll's ...
Registered in 0.001865 seconds.
Begin MonoManager ReloadAssembly
Native extension for WindowsStandalone target not found
Refreshing native plugins compatible for Editor in 0.43 ms, found 1 plugins.
Preloading 0 native plugins for Editor in 0.00 ms.
Invoked RoslynAnalysisRunner static constructor.
RoslynAnalysisRunner will not be running.
RoslynAnalysisRunner has terminated.
Mono: successfully reloaded assembly
- Completed reload, in  1.486 seconds
Platform modules already initialized, skipping
Refreshing native plugins compatible for Editor in 0.42 ms, found 1 plugins.
Preloading 0 native plugins for Editor in 0.00 ms.
Unloading 1783 Unused Serialized files (Serialized files now loaded: 0)
System memory in use before: 87.3 MB.
System memory in use after: 87.4 MB.

Unloading 7 unused Assets to reduce memory usage. Loaded Objects now: 2303.
Total: 2.719400 ms (FindLiveObjects: 0.221100 ms CreateObjectMapping: 0.073500 ms MarkObjects: 2.399500 ms  DeleteObjects: 0.023600 ms)

========================================================================
Received Import Request.
  Time since last request: 1377.102146 seconds.
  path: Assets/Ilumisoft/Minesweeper/Scripts/Tile/TilleRevealerMission.cs
  artifactKey: Guid(51a67c6b7b7afcd41a9672fa76fea579) Importer(815301076,1909f56bfc062723c751e8b465ee728b)
Start importing Assets/Ilumisoft/Minesweeper/Scripts/Tile/TilleRevealerMission.cs using Guid(51a67c6b7b7afcd41a9672fa76fea579) Importer(815301076,1909f56bfc062723c751e8b465ee728b)  -> (artifact id: '56c1ab2c6cd9d3423870485b9b9a7fea') in 0.026518 seconds
  Import took 0.041522 seconds .

========================================================================
Received Prepare
Registering precompiled user dll's ...
Registered in 0.001589 seconds.
Begin MonoManager ReloadAssembly
Native extension for WindowsStandalone target not found
Refreshing native plugins compatible for Editor in 0.63 ms, found 1 plugins.
Preloading 0 native plugins for Editor in 0.00 ms.
Invoked RoslynAnalysisRunner static constructor.
RoslynAnalysisRunner will not be running.
RoslynAnalysisRunner has terminated.
Mono: successfully reloaded assembly
- Completed reload, in  1.466 seconds
Platform modules already initialized, skipping
Refreshing native plugins compatible for Editor in 0.42 ms, found 1 plugins.
Preloading 0 native plugins for Editor in 0.00 ms.
Unloading 1784 Unused Serialized files (Serialized files now loaded: 0)
System memory in use before: 87.3 MB.
System memory in use after: 87.4 MB.

Unloading 7 unused Assets to reduce memory usage. Loaded Objects now: 2307.
Total: 3.165000 ms (FindLiveObjects: 0.192300 ms CreateObjectMapping: 0.070800 ms MarkObjects: 2.876100 ms  DeleteObjects: 0.023500 ms)

========================================================================
Received Import Request.
  Time since last request: 16.753008 seconds.
  path: Assets/Ilumisoft/Minesweeper/Scripts/Mission
  artifactKey: Guid(9164ea6dc3ea8034ba36cfae92c94f76) Importer(815301076,1909f56bfc062723c751e8b465ee728b)
Start importing Assets/Ilumisoft/Minesweeper/Scripts/Mission using Guid(9164ea6dc3ea8034ba36cfae92c94f76) Importer(815301076,1909f56bfc062723c751e8b465ee728b)  -> (artifact id: '225d86304afea498c9393402bc6a321b') in 0.022583 seconds
  Import took 0.028563 seconds .

========================================================================
Received Prepare
Registering precompiled user dll's ...
Registered in 0.001667 seconds.
Begin MonoManager ReloadAssembly
Native extension for WindowsStandalone target not found
Refreshing native plugins compatible for Editor in 0.48 ms, found 1 plugins.
Preloading 0 native plugins for Editor in 0.00 ms.
Invoked RoslynAnalysisRunner static constructor.
RoslynAnalysisRunner will not be running.
RoslynAnalysisRunner has terminated.
Mono: successfully reloaded assembly
- Completed reload, in  1.415 seconds
Platform modules already initialized, skipping
Refreshing native plugins compatible for Editor in 0.43 ms, found 1 plugins.
Preloading 0 native plugins for Editor in 0.00 ms.
Unloading 1784 Unused Serialized files (Serialized files now loaded: 0)
System memory in use before: 87.3 MB.
System memory in use after: 87.4 MB.

Unloading 7 unused Assets to reduce memory usage. Loaded Objects now: 2310.
Total: 2.745800 ms (FindLiveObjects: 0.189700 ms CreateObjectMapping: 0.072400 ms MarkObjects: 2.458500 ms  DeleteObjects: 0.023400 ms)

========================================================================
Received Prepare
Registering precompiled user dll's ...
Registered in 0.001442 seconds.
Begin MonoManager ReloadAssembly
Native extension for WindowsStandalone target not found
Refreshing native plugins compatible for Editor in 1.08 ms, found 1 plugins.
Preloading 0 native plugins for Editor in 0.00 ms.
Invoked RoslynAnalysisRunner static constructor.
RoslynAnalysisRunner will not be running.
RoslynAnalysisRunner has terminated.
Mono: successfully reloaded assembly
- Completed reload, in  1.380 seconds
Platform modules already initialized, skipping
Refreshing native plugins compatible for Editor in 0.43 ms, found 1 plugins.
Preloading 0 native plugins for Editor in 0.00 ms.
Unloading 1784 Unused Serialized files (Serialized files now loaded: 0)
System memory in use before: 87.3 MB.
System memory in use after: 87.4 MB.

Unloading 7 unused Assets to reduce memory usage. Loaded Objects now: 2313.
Total: 3.583100 ms (FindLiveObjects: 0.286500 ms CreateObjectMapping: 0.109800 ms MarkObjects: 3.154600 ms  DeleteObjects: 0.030600 ms)

========================================================================
Received Prepare
Registering precompiled user dll's ...
Registered in 0.001022 seconds.
Begin MonoManager ReloadAssembly
Native extension for WindowsStandalone target not found
Refreshing native plugins compatible for Editor in 1.22 ms, found 1 plugins.
Preloading 0 native plugins for Editor in 0.00 ms.
Invoked RoslynAnalysisRunner static constructor.
RoslynAnalysisRunner will not be running.
RoslynAnalysisRunner has terminated.
Mono: successfully reloaded assembly
- Completed reload, in  2.057 seconds
Platform modules already initialized, skipping
Refreshing native plugins compatible for Editor in 0.47 ms, found 1 plugins.
Preloading 0 native plugins for Editor in 0.00 ms.
Unloading 1784 Unused Serialized files (Serialized files now loaded: 0)
System memory in use before: 87.3 MB.
System memory in use after: 87.5 MB.

Unloading 7 unused Assets to reduce memory usage. Loaded Objects now: 2316.
Total: 3.558300 ms (FindLiveObjects: 0.372700 ms CreateObjectMapping: 0.153800 ms MarkObjects: 3.007300 ms  DeleteObjects: 0.022500 ms)

========================================================================
Received Prepare
Registering precompiled user dll's ...
Registered in 0.001171 seconds.
Begin MonoManager ReloadAssembly
Native extension for WindowsStandalone target not found
Refreshing native plugins compatible for Editor in 0.43 ms, found 1 plugins.
Preloading 0 native plugins for Editor in 0.00 ms.
Invoked RoslynAnalysisRunner static constructor.
RoslynAnalysisRunner will not be running.
RoslynAnalysisRunner has terminated.
Mono: successfully reloaded assembly
- Completed reload, in  1.452 seconds
Platform modules already initialized, skipping
Refreshing native plugins compatible for Editor in 0.44 ms, found 1 plugins.
Preloading 0 native plugins for Editor in 0.00 ms.
Unloading 1784 Unused Serialized files (Serialized files now loaded: 0)
System memory in use before: 87.3 MB.
System memory in use after: 87.5 MB.

Unloading 7 unused Assets to reduce memory usage. Loaded Objects now: 2319.
Total: 3.129500 ms (FindLiveObjects: 0.233600 ms CreateObjectMapping: 0.101500 ms MarkObjects: 2.768600 ms  DeleteObjects: 0.023900 ms)

========================================================================
Received Import Request.
  Time since last request: 190.063589 seconds.
  path: Assets/Ilumisoft/Minesweeper/Scenes/Game Mission.unity
  artifactKey: Guid(e8b2c934893db4348aa79d1b29758d03) Importer(815301076,1909f56bfc062723c751e8b465ee728b)
Start importing Assets/Ilumisoft/Minesweeper/Scenes/Game Mission.unity using Guid(e8b2c934893db4348aa79d1b29758d03) Importer(815301076,1909f56bfc062723c751e8b465ee728b)  -> (artifact id: '49d119535e47f5e1806b50f5c07d63fd') in 0.030894 seconds
  Import took 0.035138 seconds .

========================================================================
Received Prepare
Registering precompiled user dll's ...
Registered in 0.001051 seconds.
Begin MonoManager ReloadAssembly
Native extension for WindowsStandalone target not found
Refreshing native plugins compatible for Editor in 1.11 ms, found 1 plugins.
Preloading 0 native plugins for Editor in 0.00 ms.
Invoked RoslynAnalysisRunner static constructor.
RoslynAnalysisRunner will not be running.
RoslynAnalysisRunner has terminated.
Mono: successfully reloaded assembly
- Completed reload, in  1.525 seconds
Platform modules already initialized, skipping
Refreshing native plugins compatible for Editor in 0.45 ms, found 1 plugins.
Preloading 0 native plugins for Editor in 0.00 ms.
Unloading 1784 Unused Serialized files (Serialized files now loaded: 0)
System memory in use before: 87.4 MB.
System memory in use after: 87.5 MB.

Unloading 7 unused Assets to reduce memory usage. Loaded Objects now: 2322.
Total: 4.882500 ms (FindLiveObjects: 0.380900 ms CreateObjectMapping: 0.170600 ms MarkObjects: 4.289600 ms  DeleteObjects: 0.038000 ms)

========================================================================
Received Import Request.
  Time since last request: 346.722344 seconds.
  path: Assets/Ilumisoft
  artifactKey: Guid(59b837ffae5263c4d98abe017f4ff6a3) Importer(815301076,1909f56bfc062723c751e8b465ee728b)
Start importing Assets/Ilumisoft using Guid(59b837ffae5263c4d98abe017f4ff6a3) Importer(815301076,1909f56bfc062723c751e8b465ee728b)  -> (artifact id: '7532479d3460b2b217b674d566830ed2') in 0.024815 seconds
  Import took 0.032101 seconds .

========================================================================
Received Import Request.
  Time since last request: 2.603592 seconds.
  path: Assets/Ilumisoft/Minesweeper/Prefabs/Tiles/Bomb Tile.prefab
  artifactKey: Guid(36b11f2508c73cf4690c46b13841358b) Importer(815301076,1909f56bfc062723c751e8b465ee728b)
Start importing Assets/Ilumisoft/Minesweeper/Prefabs/Tiles/Bomb Tile.prefab using Guid(36b11f2508c73cf4690c46b13841358b) Importer(815301076,1909f56bfc062723c751e8b465ee728b)  -> (artifact id: '68d131986f528e718501044cf8a841e0') in 0.164743 seconds
  Import took 0.170691 seconds .

========================================================================
Received Import Request.
  Time since last request: 22.316678 seconds.
  path: Assets/Ilumisoft/Minesweeper/Prefabs/Tiles/Bomb Tile.prefab
  artifactKey: Guid(36b11f2508c73cf4690c46b13841358b) Importer(815301076,1909f56bfc062723c751e8b465ee728b)
Start importing Assets/Ilumisoft/Minesweeper/Prefabs/Tiles/Bomb Tile.prefab using Guid(36b11f2508c73cf4690c46b13841358b) Importer(815301076,1909f56bfc062723c751e8b465ee728b)  -> (artifact id: 'b8f748974982eaa9702460dac597d6d0') in 0.029991 seconds
  Import took 0.036814 seconds .

========================================================================
Received Prepare
Registering precompiled user dll's ...
Registered in 0.001557 seconds.
Begin MonoManager ReloadAssembly
Native extension for WindowsStandalone target not found
Refreshing native plugins compatible for Editor in 0.78 ms, found 1 plugins.
Preloading 0 native plugins for Editor in 0.00 ms.
Invoked RoslynAnalysisRunner static constructor.
RoslynAnalysisRunner will not be running.
RoslynAnalysisRunner has terminated.
Mono: successfully reloaded assembly
- Completed reload, in  1.429 seconds
Platform modules already initialized, skipping
Refreshing native plugins compatible for Editor in 0.72 ms, found 1 plugins.
Preloading 0 native plugins for Editor in 0.00 ms.
Unloading 1784 Unused Serialized files (Serialized files now loaded: 0)
System memory in use before: 87.4 MB.
System memory in use after: 87.5 MB.

Unloading 7 unused Assets to reduce memory usage. Loaded Objects now: 2326.
Total: 4.390500 ms (FindLiveObjects: 0.389900 ms CreateObjectMapping: 0.198400 ms MarkObjects: 3.762100 ms  DeleteObjects: 0.037600 ms)

========================================================================
Received Prepare
Registering precompiled user dll's ...
Registered in 0.001461 seconds.
Begin MonoManager ReloadAssembly
Native extension for WindowsStandalone target not found
Refreshing native plugins compatible for Editor in 0.69 ms, found 1 plugins.
Preloading 0 native plugins for Editor in 0.00 ms.
Invoked RoslynAnalysisRunner static constructor.
RoslynAnalysisRunner will not be running.
RoslynAnalysisRunner has terminated.
Mono: successfully reloaded assembly
- Completed reload, in  1.481 seconds
Platform modules already initialized, skipping
Refreshing native plugins compatible for Editor in 0.69 ms, found 1 plugins.
Preloading 0 native plugins for Editor in 0.00 ms.
Unloading 1784 Unused Serialized files (Serialized files now loaded: 0)
System memory in use before: 87.4 MB.
System memory in use after: 87.5 MB.

Unloading 7 unused Assets to reduce memory usage. Loaded Objects now: 2329.
Total: 3.837700 ms (FindLiveObjects: 0.360400 ms CreateObjectMapping: 0.148900 ms MarkObjects: 3.280800 ms  DeleteObjects: 0.045600 ms)

========================================================================
Received Prepare
Registering precompiled user dll's ...
Registered in 0.001090 seconds.
Begin MonoManager ReloadAssembly
Native extension for WindowsStandalone target not found
Refreshing native plugins compatible for Editor in 0.58 ms, found 1 plugins.
Preloading 0 native plugins for Editor in 0.00 ms.
Invoked RoslynAnalysisRunner static constructor.
RoslynAnalysisRunner will not be running.
RoslynAnalysisRunner has terminated.
Mono: successfully reloaded assembly
- Completed reload, in  2.236 seconds
Platform modules already initialized, skipping
Refreshing native plugins compatible for Editor in 0.46 ms, found 1 plugins.
Preloading 0 native plugins for Editor in 0.00 ms.
Unloading 1784 Unused Serialized files (Serialized files now loaded: 0)
System memory in use before: 87.4 MB.
System memory in use after: 87.5 MB.

Unloading 7 unused Assets to reduce memory usage. Loaded Objects now: 2332.
Total: 2.841600 ms (FindLiveObjects: 0.221500 ms CreateObjectMapping: 0.077900 ms MarkObjects: 2.513900 ms  DeleteObjects: 0.026300 ms)

========================================================================
Received Import Request.
  Time since last request: 269.552611 seconds.
  path: Assets/Ilumisoft/Minesweeper/Prefabs/Background Particles.prefab
  artifactKey: Guid(5aa11d7e01366344cac0fb7efc5b1560) Importer(815301076,1909f56bfc062723c751e8b465ee728b)
Start importing Assets/Ilumisoft/Minesweeper/Prefabs/Background Particles.prefab using Guid(5aa11d7e01366344cac0fb7efc5b1560) Importer(815301076,1909f56bfc062723c751e8b465ee728b)  -> (artifact id: 'ac7db2b7d5d94878cf2bc1cf7d09b354') in 0.061783 seconds
  Import took 0.067476 seconds .

========================================================================
Received Import Request.
  Time since last request: 1.857470 seconds.
  path: Assets/Ilumisoft/Minesweeper/Prefabs/Menu.prefab
  artifactKey: Guid(ac8177f9e02e37e4c8a706115cecdbbd) Importer(815301076,1909f56bfc062723c751e8b465ee728b)
Start importing Assets/Ilumisoft/Minesweeper/Prefabs/Menu.prefab using Guid(ac8177f9e02e37e4c8a706115cecdbbd) Importer(815301076,1909f56bfc062723c751e8b465ee728b)  -> (artifact id: 'bab21f55fd6b27cf6d5f3f9d14eb14ed') in 0.061769 seconds
  Import took 0.066899 seconds .

========================================================================
Received Import Request.
  Time since last request: 0.497059 seconds.
  path: Assets/Ilumisoft/Minesweeper/Prefabs/Game UI.prefab
  artifactKey: Guid(418dccfc7eb98204aa8a42686133cc8a) Importer(815301076,1909f56bfc062723c751e8b465ee728b)
Start importing Assets/Ilumisoft/Minesweeper/Prefabs/Game UI.prefab using Guid(418dccfc7eb98204aa8a42686133cc8a) Importer(815301076,1909f56bfc062723c751e8b465ee728b)  -> (artifact id: 'f97d98319001916e83198d781d7b0e76') in 0.025825 seconds
  Import took 0.036516 seconds .

========================================================================
Received Import Request.
  Time since last request: 1.415442 seconds.
  path: Assets/Ilumisoft/Minesweeper/Prefabs/Game Manager Mission.prefab
  artifactKey: Guid(b2e8b10cb10da6a429342554e8ec4b31) Importer(815301076,1909f56bfc062723c751e8b465ee728b)
Start importing Assets/Ilumisoft/Minesweeper/Prefabs/Game Manager Mission.prefab using Guid(b2e8b10cb10da6a429342554e8ec4b31) Importer(815301076,1909f56bfc062723c751e8b465ee728b)  -> (artifact id: '7395d6ae7165fce7cb5e183d6098ff83') in 0.057321 seconds
  Import took 0.070222 seconds .

========================================================================
Received Import Request.
  Time since last request: 1.060864 seconds.
  path: Assets/Ilumisoft/Minesweeper/Prefabs/Game Camera.prefab
  artifactKey: Guid(319d3fdf295963b40a8d3587e8a662cd) Importer(815301076,1909f56bfc062723c751e8b465ee728b)
Start importing Assets/Ilumisoft/Minesweeper/Prefabs/Game Camera.prefab using Guid(319d3fdf295963b40a8d3587e8a662cd) Importer(815301076,1909f56bfc062723c751e8b465ee728b)  -> (artifact id: 'd8c4318bcf30884ed0fa7a12efd92987') in 0.013609 seconds
  Import took 0.018731 seconds .

========================================================================
Received Import Request.
  Time since last request: 0.011689 seconds.
  path: Assets/Ilumisoft/Minesweeper/Prefabs/Game Camera.prefab
  artifactKey: Guid(319d3fdf295963b40a8d3587e8a662cd) Importer(815301076,1909f56bfc062723c751e8b465ee728b)
Start importing Assets/Ilumisoft/Minesweeper/Prefabs/Game Camera.prefab using Guid(319d3fdf295963b40a8d3587e8a662cd) Importer(815301076,1909f56bfc062723c751e8b465ee728b)  -> (artifact id: 'd8c4318bcf30884ed0fa7a12efd92987') in 0.006075 seconds
  Import took 0.011491 seconds .

========================================================================
Received Prepare
Registering precompiled user dll's ...
Registered in 0.001018 seconds.
Begin MonoManager ReloadAssembly
Native extension for WindowsStandalone target not found
Refreshing native plugins compatible for Editor in 0.54 ms, found 1 plugins.
Preloading 0 native plugins for Editor in 0.00 ms.
Invoked RoslynAnalysisRunner static constructor.
RoslynAnalysisRunner will not be running.
RoslynAnalysisRunner has terminated.
Mono: successfully reloaded assembly
- Completed reload, in  1.597 seconds
Platform modules already initialized, skipping
Refreshing native plugins compatible for Editor in 0.42 ms, found 1 plugins.
Preloading 0 native plugins for Editor in 0.00 ms.
Unloading 1784 Unused Serialized files (Serialized files now loaded: 0)
System memory in use before: 87.5 MB.
System memory in use after: 87.6 MB.

Unloading 7 unused Assets to reduce memory usage. Loaded Objects now: 2335.
Total: 5.335900 ms (FindLiveObjects: 0.549900 ms CreateObjectMapping: 0.218200 ms MarkObjects: 4.527600 ms  DeleteObjects: 0.036700 ms)

========================================================================
Received Prepare
Registering precompiled user dll's ...
Registered in 0.001627 seconds.
Begin MonoManager ReloadAssembly
Native extension for WindowsStandalone target not found
Refreshing native plugins compatible for Editor in 0.53 ms, found 1 plugins.
Preloading 0 native plugins for Editor in 0.00 ms.
Invoked RoslynAnalysisRunner static constructor.
RoslynAnalysisRunner will not be running.
RoslynAnalysisRunner has terminated.
Mono: successfully reloaded assembly
- Completed reload, in  2.391 seconds
Platform modules already initialized, skipping
Refreshing native plugins compatible for Editor in 0.53 ms, found 1 plugins.
Preloading 0 native plugins for Editor in 0.00 ms.
Unloading 1784 Unused Serialized files (Serialized files now loaded: 0)
System memory in use before: 87.5 MB.
System memory in use after: 87.6 MB.

Unloading 7 unused Assets to reduce memory usage. Loaded Objects now: 2338.
Total: 2.610900 ms (FindLiveObjects: 0.287900 ms CreateObjectMapping: 0.106300 ms MarkObjects: 2.191900 ms  DeleteObjects: 0.023100 ms)

========================================================================
Received Prepare
Registering precompiled user dll's ...
Registered in 0.000993 seconds.
Begin MonoManager ReloadAssembly
Native extension for WindowsStandalone target not found
Refreshing native plugins compatible for Editor in 0.43 ms, found 1 plugins.
Preloading 0 native plugins for Editor in 0.00 ms.
Invoked RoslynAnalysisRunner static constructor.
RoslynAnalysisRunner will not be running.
RoslynAnalysisRunner has terminated.
Mono: successfully reloaded assembly
- Completed reload, in  1.371 seconds
Platform modules already initialized, skipping
Refreshing native plugins compatible for Editor in 0.43 ms, found 1 plugins.
Preloading 0 native plugins for Editor in 0.00 ms.
Unloading 1784 Unused Serialized files (Serialized files now loaded: 0)
System memory in use before: 87.5 MB.
System memory in use after: 87.6 MB.

Unloading 7 unused Assets to reduce memory usage. Loaded Objects now: 2341.
Total: 2.816600 ms (FindLiveObjects: 0.276700 ms CreateObjectMapping: 0.099700 ms MarkObjects: 2.409200 ms  DeleteObjects: 0.028500 ms)

========================================================================
Received Prepare
Registering precompiled user dll's ...
Registered in 0.000986 seconds.
Begin MonoManager ReloadAssembly
Native extension for WindowsStandalone target not found
Refreshing native plugins compatible for Editor in 0.45 ms, found 1 plugins.
Preloading 0 native plugins for Editor in 0.00 ms.
Invoked RoslynAnalysisRunner static constructor.
RoslynAnalysisRunner will not be running.
RoslynAnalysisRunner has terminated.
Mono: successfully reloaded assembly
- Completed reload, in  1.528 seconds
Platform modules already initialized, skipping
Refreshing native plugins compatible for Editor in 0.48 ms, found 1 plugins.
Preloading 0 native plugins for Editor in 0.00 ms.
Unloading 1784 Unused Serialized files (Serialized files now loaded: 0)
System memory in use before: 87.5 MB.
System memory in use after: 87.6 MB.

Unloading 7 unused Assets to reduce memory usage. Loaded Objects now: 2344.
Total: 2.759400 ms (FindLiveObjects: 0.211200 ms CreateObjectMapping: 0.083300 ms MarkObjects: 2.437200 ms  DeleteObjects: 0.025800 ms)

========================================================================
Received Prepare
Registering precompiled user dll's ...
Registered in 0.001898 seconds.
Begin MonoManager ReloadAssembly
Native extension for WindowsStandalone target not found
Refreshing native plugins compatible for Editor in 0.75 ms, found 1 plugins.
Preloading 0 native plugins for Editor in 0.00 ms.
Invoked RoslynAnalysisRunner static constructor.
RoslynAnalysisRunner will not be running.
RoslynAnalysisRunner has terminated.
Mono: successfully reloaded assembly
- Completed reload, in  1.634 seconds
Platform modules already initialized, skipping
Refreshing native plugins compatible for Editor in 0.42 ms, found 1 plugins.
Preloading 0 native plugins for Editor in 0.00 ms.
Unloading 1784 Unused Serialized files (Serialized files now loaded: 0)
System memory in use before: 87.5 MB.
System memory in use after: 87.6 MB.

Unloading 7 unused Assets to reduce memory usage. Loaded Objects now: 2347.
Total: 2.664200 ms (FindLiveObjects: 0.247000 ms CreateObjectMapping: 0.077300 ms MarkObjects: 2.251000 ms  DeleteObjects: 0.086800 ms)

========================================================================
Received Import Request.
  Time since last request: 744.321984 seconds.
  path: Assets/Ilumisoft/Minesweeper/Prefabs/Tiles/Bomb Tile.prefab
  artifactKey: Guid(36b11f2508c73cf4690c46b13841358b) Importer(815301076,1909f56bfc062723c751e8b465ee728b)
Start importing Assets/Ilumisoft/Minesweeper/Prefabs/Tiles/Bomb Tile.prefab using Guid(36b11f2508c73cf4690c46b13841358b) Importer(815301076,1909f56bfc062723c751e8b465ee728b)  -> (artifact id: 'ed22332fe2ff6e00a1b58f1d092cde74') in 0.119573 seconds
  Import took 0.125792 seconds .

========================================================================
Received Prepare
Registering precompiled user dll's ...
Registered in 0.000991 seconds.
Begin MonoManager ReloadAssembly
Native extension for WindowsStandalone target not found
Refreshing native plugins compatible for Editor in 0.44 ms, found 1 plugins.
Preloading 0 native plugins for Editor in 0.00 ms.
Invoked RoslynAnalysisRunner static constructor.
RoslynAnalysisRunner will not be running.
RoslynAnalysisRunner has terminated.
Mono: successfully reloaded assembly
- Completed reload, in  1.227 seconds
Platform modules already initialized, skipping
Refreshing native plugins compatible for Editor in 0.43 ms, found 1 plugins.
Preloading 0 native plugins for Editor in 0.00 ms.
Unloading 1784 Unused Serialized files (Serialized files now loaded: 0)
System memory in use before: 87.5 MB.
System memory in use after: 87.6 MB.

Unloading 7 unused Assets to reduce memory usage. Loaded Objects now: 2351.
Total: 5.474800 ms (FindLiveObjects: 0.663800 ms CreateObjectMapping: 0.253600 ms MarkObjects: 4.480800 ms  DeleteObjects: 0.073100 ms)

========================================================================
Received Prepare
Registering precompiled user dll's ...
Registered in 0.001357 seconds.
Begin MonoManager ReloadAssembly
Native extension for WindowsStandalone target not found
Refreshing native plugins compatible for Editor in 0.55 ms, found 1 plugins.
Preloading 0 native plugins for Editor in 0.00 ms.
Invoked RoslynAnalysisRunner static constructor.
RoslynAnalysisRunner will not be running.
RoslynAnalysisRunner has terminated.
Mono: successfully reloaded assembly
- Completed reload, in  1.563 seconds
Platform modules already initialized, skipping
Refreshing native plugins compatible for Editor in 0.43 ms, found 1 plugins.
Preloading 0 native plugins for Editor in 0.00 ms.
Unloading 1784 Unused Serialized files (Serialized files now loaded: 0)
System memory in use before: 87.5 MB.
System memory in use after: 87.6 MB.

Unloading 7 unused Assets to reduce memory usage. Loaded Objects now: 2354.
Total: 6.711400 ms (FindLiveObjects: 3.157500 ms CreateObjectMapping: 0.913500 ms MarkObjects: 2.614400 ms  DeleteObjects: 0.024300 ms)

========================================================================
Received Prepare
Registering precompiled user dll's ...
Registered in 0.001016 seconds.
Begin MonoManager ReloadAssembly
Native extension for WindowsStandalone target not found
Refreshing native plugins compatible for Editor in 0.74 ms, found 1 plugins.
Preloading 0 native plugins for Editor in 0.00 ms.
Invoked RoslynAnalysisRunner static constructor.
RoslynAnalysisRunner will not be running.
RoslynAnalysisRunner has terminated.
Mono: successfully reloaded assembly
- Completed reload, in  2.838 seconds
Platform modules already initialized, skipping
Refreshing native plugins compatible for Editor in 0.58 ms, found 1 plugins.
Preloading 0 native plugins for Editor in 0.00 ms.
Unloading 1784 Unused Serialized files (Serialized files now loaded: 0)
System memory in use before: 87.5 MB.
System memory in use after: 87.6 MB.

Unloading 7 unused Assets to reduce memory usage. Loaded Objects now: 2357.
Total: 3.175300 ms (FindLiveObjects: 0.201900 ms CreateObjectMapping: 0.080600 ms MarkObjects: 2.866300 ms  DeleteObjects: 0.024000 ms)

========================================================================
Received Prepare
Registering precompiled user dll's ...
Registered in 0.001021 seconds.
Begin MonoManager ReloadAssembly
Native extension for WindowsStandalone target not found
Refreshing native plugins compatible for Editor in 0.44 ms, found 1 plugins.
Preloading 0 native plugins for Editor in 0.00 ms.
Invoked RoslynAnalysisRunner static constructor.
RoslynAnalysisRunner will not be running.
RoslynAnalysisRunner has terminated.
Mono: successfully reloaded assembly
- Completed reload, in  1.346 seconds
Platform modules already initialized, skipping
Refreshing native plugins compatible for Editor in 0.42 ms, found 1 plugins.
Preloading 0 native plugins for Editor in 0.00 ms.
Unloading 1784 Unused Serialized files (Serialized files now loaded: 0)
System memory in use before: 87.5 MB.
System memory in use after: 87.6 MB.

Unloading 7 unused Assets to reduce memory usage. Loaded Objects now: 2360.
Total: 2.558200 ms (FindLiveObjects: 0.197700 ms CreateObjectMapping: 0.073000 ms MarkObjects: 2.261100 ms  DeleteObjects: 0.024800 ms)

========================================================================
Received Prepare
Registering precompiled user dll's ...
Registered in 0.001626 seconds.
Begin MonoManager ReloadAssembly
Native extension for WindowsStandalone target not found
Refreshing native plugins compatible for Editor in 0.58 ms, found 1 plugins.
Preloading 0 native plugins for Editor in 0.00 ms.
Invoked RoslynAnalysisRunner static constructor.
RoslynAnalysisRunner will not be running.
RoslynAnalysisRunner has terminated.
Mono: successfully reloaded assembly
- Completed reload, in  1.440 seconds
Platform modules already initialized, skipping
Refreshing native plugins compatible for Editor in 0.44 ms, found 1 plugins.
Preloading 0 native plugins for Editor in 0.00 ms.
Unloading 1784 Unused Serialized files (Serialized files now loaded: 0)
System memory in use before: 87.5 MB.
System memory in use after: 87.6 MB.

Unloading 7 unused Assets to reduce memory usage. Loaded Objects now: 2363.
Total: 3.729800 ms (FindLiveObjects: 0.301500 ms CreateObjectMapping: 0.111400 ms MarkObjects: 3.283300 ms  DeleteObjects: 0.031500 ms)

========================================================================
Received Prepare
Registering precompiled user dll's ...
Registered in 0.001692 seconds.
Begin MonoManager ReloadAssembly
Native extension for WindowsStandalone target not found
Refreshing native plugins compatible for Editor in 0.60 ms, found 1 plugins.
Preloading 0 native plugins for Editor in 0.00 ms.
Invoked RoslynAnalysisRunner static constructor.
RoslynAnalysisRunner will not be running.
RoslynAnalysisRunner has terminated.
Mono: successfully reloaded assembly
- Completed reload, in  1.292 seconds
Platform modules already initialized, skipping
Refreshing native plugins compatible for Editor in 0.42 ms, found 1 plugins.
Preloading 0 native plugins for Editor in 0.00 ms.
Unloading 1784 Unused Serialized files (Serialized files now loaded: 0)
System memory in use before: 87.5 MB.
System memory in use after: 87.7 MB.

Unloading 7 unused Assets to reduce memory usage. Loaded Objects now: 2366.
Total: 2.899100 ms (FindLiveObjects: 0.354100 ms CreateObjectMapping: 0.126900 ms MarkObjects: 2.343000 ms  DeleteObjects: 0.072500 ms)

========================================================================
Received Prepare
Registering precompiled user dll's ...
Registered in 0.001031 seconds.
Begin MonoManager ReloadAssembly
Native extension for WindowsStandalone target not found
Refreshing native plugins compatible for Editor in 0.49 ms, found 1 plugins.
Preloading 0 native plugins for Editor in 0.00 ms.
Invoked RoslynAnalysisRunner static constructor.
RoslynAnalysisRunner will not be running.
RoslynAnalysisRunner has terminated.
Mono: successfully reloaded assembly
- Completed reload, in  1.450 seconds
Platform modules already initialized, skipping
Refreshing native plugins compatible for Editor in 0.81 ms, found 1 plugins.
Preloading 0 native plugins for Editor in 0.00 ms.
Unloading 1784 Unused Serialized files (Serialized files now loaded: 0)
System memory in use before: 87.5 MB.
System memory in use after: 87.7 MB.

Unloading 7 unused Assets to reduce memory usage. Loaded Objects now: 2369.
Total: 3.648600 ms (FindLiveObjects: 0.334200 ms CreateObjectMapping: 0.107800 ms MarkObjects: 3.172600 ms  DeleteObjects: 0.031900 ms)

========================================================================
Received Prepare
Registering precompiled user dll's ...
Registered in 0.001140 seconds.
Begin MonoManager ReloadAssembly
Native extension for WindowsStandalone target not found
Refreshing native plugins compatible for Editor in 0.76 ms, found 1 plugins.
Preloading 0 native plugins for Editor in 0.00 ms.
Invoked RoslynAnalysisRunner static constructor.
RoslynAnalysisRunner will not be running.
RoslynAnalysisRunner has terminated.
Mono: successfully reloaded assembly
- Completed reload, in  1.342 seconds
Platform modules already initialized, skipping
Refreshing native plugins compatible for Editor in 0.42 ms, found 1 plugins.
Preloading 0 native plugins for Editor in 0.00 ms.
Unloading 1784 Unused Serialized files (Serialized files now loaded: 0)
System memory in use before: 87.5 MB.
System memory in use after: 87.7 MB.

Unloading 7 unused Assets to reduce memory usage. Loaded Objects now: 2372.
Total: 2.710800 ms (FindLiveObjects: 0.203200 ms CreateObjectMapping: 0.075200 ms MarkObjects: 2.406000 ms  DeleteObjects: 0.024900 ms)

========================================================================
Received Prepare
Registering precompiled user dll's ...
Registered in 0.001579 seconds.
Begin MonoManager ReloadAssembly
Native extension for WindowsStandalone target not found
Refreshing native plugins compatible for Editor in 0.47 ms, found 1 plugins.
Preloading 0 native plugins for Editor in 0.00 ms.
Invoked RoslynAnalysisRunner static constructor.
RoslynAnalysisRunner will not be running.
RoslynAnalysisRunner has terminated.
Mono: successfully reloaded assembly
- Completed reload, in  1.429 seconds
Platform modules already initialized, skipping
Refreshing native plugins compatible for Editor in 0.52 ms, found 1 plugins.
Preloading 0 native plugins for Editor in 0.00 ms.
Unloading 1784 Unused Serialized files (Serialized files now loaded: 0)
System memory in use before: 87.6 MB.
System memory in use after: 87.7 MB.

Unloading 7 unused Assets to reduce memory usage. Loaded Objects now: 2375.
Total: 4.520600 ms (FindLiveObjects: 0.418600 ms CreateObjectMapping: 0.190400 ms MarkObjects: 3.873500 ms  DeleteObjects: 0.035300 ms)

========================================================================
Received Import Request.
  Time since last request: 1467.842752 seconds.
  path: Packages/com.unity.2d.animation/Editor/Assets/SkinningModule/Icons/Selected/Edit_Geometry@2x.png
  artifactKey: Guid(c706f86f6fd02084f9a14727d08b844d) Importer(815301076,1909f56bfc062723c751e8b465ee728b)
Start importing Packages/com.unity.2d.animation/Editor/Assets/SkinningModule/Icons/Selected/Edit_Geometry@2x.png using Guid(c706f86f6fd02084f9a14727d08b844d) Importer(815301076,1909f56bfc062723c751e8b465ee728b)  -> (artifact id: 'c92d968aee15218e9e6718537851829c') in 0.135710 seconds
  Import took 0.143008 seconds .

========================================================================
Received Import Request.
  Time since last request: 0.000282 seconds.
  path: Packages/com.unity.2d.animation/Editor/Assets/SkinningModule/Icons/Selected/Edit_Geometry@4x.png
  artifactKey: Guid(1a96ab5f501a8e84c9016458682e1ccb) Importer(815301076,1909f56bfc062723c751e8b465ee728b)
Start importing Packages/com.unity.2d.animation/Editor/Assets/SkinningModule/Icons/Selected/Edit_Geometry@4x.png using Guid(1a96ab5f501a8e84c9016458682e1ccb) Importer(815301076,1909f56bfc062723c751e8b465ee728b)  -> (artifact id: '232e2befd6e07895f4bc17f19f5ac11f') in 0.064342 seconds
  Import took 0.071102 seconds .

========================================================================
Received Import Request.
  Time since last request: 0.000283 seconds.
  path: Packages/com.unity.2d.animation/Editor/Assets/SkinningModule/Icons/Light/Edit_Geometry@2x.png
  artifactKey: Guid(4bcd27377338b8440bda5ecf26ea2fb5) Importer(815301076,1909f56bfc062723c751e8b465ee728b)
Start importing Packages/com.unity.2d.animation/Editor/Assets/SkinningModule/Icons/Light/Edit_Geometry@2x.png using Guid(4bcd27377338b8440bda5ecf26ea2fb5) Importer(815301076,1909f56bfc062723c751e8b465ee728b)  -> (artifact id: '42634ebb0d3d284ed7184c95e4fc4384') in 0.049992 seconds
  Import took 0.056430 seconds .

========================================================================
Received Import Request.
  Time since last request: 0.000252 seconds.
  path: Packages/com.unity.2d.animation/Editor/Assets/SkinningModule/Icons/Selected/Edit_Geometry@3x.png
  artifactKey: Guid(dd736f22fa93fe9468b8b8b405413957) Importer(815301076,1909f56bfc062723c751e8b465ee728b)
Start importing Packages/com.unity.2d.animation/Editor/Assets/SkinningModule/Icons/Selected/Edit_Geometry@3x.png using Guid(dd736f22fa93fe9468b8b8b405413957) Importer(815301076,1909f56bfc062723c751e8b465ee728b)  -> (artifact id: '55fa38140c90345a7de97884b04935ae') in 0.055204 seconds
  Import took 0.062959 seconds .

========================================================================
Received Import Request.
  Time since last request: 0.000273 seconds.
  path: Packages/com.unity.2d.animation/Editor/Assets/SkinningModule/Icons/Light/Edit_Geometry@4x.png
  artifactKey: Guid(088ce4ab56060504083daeb4556a09c1) Importer(815301076,1909f56bfc062723c751e8b465ee728b)
Start importing Packages/com.unity.2d.animation/Editor/Assets/SkinningModule/Icons/Light/Edit_Geometry@4x.png using Guid(088ce4ab56060504083daeb4556a09c1) Importer(815301076,1909f56bfc062723c751e8b465ee728b)  -> (artifact id: '397054ea257e39641d42136117bf6ddb') in 0.049146 seconds
  Import took 0.054399 seconds .

========================================================================
Received Import Request.
  Time since last request: 0.000107 seconds.
  path: Packages/com.unity.2d.animation/Editor/Assets/SkinningModule/Icons/Light/Edit_Geometry@3x.png
  artifactKey: Guid(b37297243655c064a8cd48d76a074ca0) Importer(815301076,1909f56bfc062723c751e8b465ee728b)
Start importing Packages/com.unity.2d.animation/Editor/Assets/SkinningModule/Icons/Light/Edit_Geometry@3x.png using Guid(b37297243655c064a8cd48d76a074ca0) Importer(815301076,1909f56bfc062723c751e8b465ee728b)  -> (artifact id: '7f119ec4bca255ba23042e344a9e5472') in 0.063249 seconds
  Import took 0.070121 seconds .

========================================================================
Received Prepare
Registering precompiled user dll's ...
Registered in 0.001060 seconds.
Begin MonoManager ReloadAssembly
Native extension for WindowsStandalone target not found
Refreshing native plugins compatible for Editor in 0.49 ms, found 1 plugins.
Preloading 0 native plugins for Editor in 0.00 ms.
Invoked RoslynAnalysisRunner static constructor.
RoslynAnalysisRunner will not be running.
RoslynAnalysisRunner has terminated.
Mono: successfully reloaded assembly
- Completed reload, in  1.362 seconds
Platform modules already initialized, skipping
Refreshing native plugins compatible for Editor in 0.45 ms, found 1 plugins.
Preloading 0 native plugins for Editor in 0.00 ms.
Unloading 1784 Unused Serialized files (Serialized files now loaded: 0)
System memory in use before: 87.6 MB.
System memory in use after: 87.7 MB.

Unloading 7 unused Assets to reduce memory usage. Loaded Objects now: 2386.
Total: 2.914700 ms (FindLiveObjects: 0.204700 ms CreateObjectMapping: 0.074400 ms MarkObjects: 2.608900 ms  DeleteObjects: 0.024700 ms)

========================================================================
Received Prepare
Registering precompiled user dll's ...
Registered in 0.001096 seconds.
Begin MonoManager ReloadAssembly
Native extension for WindowsStandalone target not found
Refreshing native plugins compatible for Editor in 0.43 ms, found 1 plugins.
Preloading 0 native plugins for Editor in 0.00 ms.
Invoked RoslynAnalysisRunner static constructor.
RoslynAnalysisRunner will not be running.
RoslynAnalysisRunner has terminated.
Mono: successfully reloaded assembly
- Completed reload, in  1.966 seconds
Platform modules already initialized, skipping
Refreshing native plugins compatible for Editor in 1.83 ms, found 1 plugins.
Preloading 0 native plugins for Editor in 0.00 ms.
Unloading 1784 Unused Serialized files (Serialized files now loaded: 0)
System memory in use before: 87.6 MB.
System memory in use after: 87.7 MB.

Unloading 7 unused Assets to reduce memory usage. Loaded Objects now: 2389.
Total: 3.514000 ms (FindLiveObjects: 0.322300 ms CreateObjectMapping: 0.173500 ms MarkObjects: 2.989500 ms  DeleteObjects: 0.026800 ms)

========================================================================
Received Prepare
Registering precompiled user dll's ...
Registered in 0.001604 seconds.
Begin MonoManager ReloadAssembly
Native extension for WindowsStandalone target not found
Refreshing native plugins compatible for Editor in 0.43 ms, found 1 plugins.
Preloading 0 native plugins for Editor in 0.00 ms.
Invoked RoslynAnalysisRunner static constructor.
RoslynAnalysisRunner will not be running.
RoslynAnalysisRunner has terminated.
Mono: successfully reloaded assembly
- Completed reload, in  1.412 seconds
Platform modules already initialized, skipping
Refreshing native plugins compatible for Editor in 0.48 ms, found 1 plugins.
Preloading 0 native plugins for Editor in 0.00 ms.
Unloading 1784 Unused Serialized files (Serialized files now loaded: 0)
System memory in use before: 87.6 MB.
System memory in use after: 87.7 MB.

Unloading 7 unused Assets to reduce memory usage. Loaded Objects now: 2392.
Total: 6.605800 ms (FindLiveObjects: 0.655200 ms CreateObjectMapping: 0.257900 ms MarkObjects: 5.638200 ms  DeleteObjects: 0.050700 ms)

========================================================================
Received Prepare
Registering precompiled user dll's ...
Registered in 0.000995 seconds.
Begin MonoManager ReloadAssembly
Native extension for WindowsStandalone target not found
Refreshing native plugins compatible for Editor in 0.48 ms, found 1 plugins.
Preloading 0 native plugins for Editor in 0.00 ms.
Invoked RoslynAnalysisRunner static constructor.
RoslynAnalysisRunner will not be running.
RoslynAnalysisRunner has terminated.
Mono: successfully reloaded assembly
- Completed reload, in  1.438 seconds
Platform modules already initialized, skipping
Refreshing native plugins compatible for Editor in 0.44 ms, found 1 plugins.
Preloading 0 native plugins for Editor in 0.00 ms.
Unloading 1784 Unused Serialized files (Serialized files now loaded: 0)
System memory in use before: 87.6 MB.
System memory in use after: 87.7 MB.

Unloading 7 unused Assets to reduce memory usage. Loaded Objects now: 2395.
Total: 2.794300 ms (FindLiveObjects: 0.292200 ms CreateObjectMapping: 0.082900 ms MarkObjects: 2.389900 ms  DeleteObjects: 0.026500 ms)

========================================================================
Received Prepare
Registering precompiled user dll's ...
Registered in 0.000996 seconds.
Begin MonoManager ReloadAssembly
Native extension for WindowsStandalone target not found
Refreshing native plugins compatible for Editor in 0.44 ms, found 1 plugins.
Preloading 0 native plugins for Editor in 0.00 ms.
Invoked RoslynAnalysisRunner static constructor.
RoslynAnalysisRunner will not be running.
RoslynAnalysisRunner has terminated.
Mono: successfully reloaded assembly
- Completed reload, in  1.416 seconds
Platform modules already initialized, skipping
Refreshing native plugins compatible for Editor in 0.44 ms, found 1 plugins.
Preloading 0 native plugins for Editor in 0.00 ms.
Unloading 1784 Unused Serialized files (Serialized files now loaded: 0)
System memory in use before: 87.6 MB.
System memory in use after: 87.7 MB.

Unloading 7 unused Assets to reduce memory usage. Loaded Objects now: 2398.
Total: 2.605700 ms (FindLiveObjects: 0.256400 ms CreateObjectMapping: 0.100600 ms MarkObjects: 2.215400 ms  DeleteObjects: 0.031000 ms)

========================================================================
Received Prepare
Registering precompiled user dll's ...
Registered in 0.001699 seconds.
Begin MonoManager ReloadAssembly
Native extension for WindowsStandalone target not found
Refreshing native plugins compatible for Editor in 0.44 ms, found 1 plugins.
Preloading 0 native plugins for Editor in 0.00 ms.
Invoked RoslynAnalysisRunner static constructor.
RoslynAnalysisRunner will not be running.
RoslynAnalysisRunner has terminated.
Mono: successfully reloaded assembly
- Completed reload, in  1.416 seconds
Platform modules already initialized, skipping
Refreshing native plugins compatible for Editor in 0.51 ms, found 1 plugins.
Preloading 0 native plugins for Editor in 0.00 ms.
Unloading 1784 Unused Serialized files (Serialized files now loaded: 0)
System memory in use before: 87.6 MB.
System memory in use after: 87.7 MB.

Unloading 7 unused Assets to reduce memory usage. Loaded Objects now: 2401.
Total: 2.914600 ms (FindLiveObjects: 0.287300 ms CreateObjectMapping: 0.106500 ms MarkObjects: 2.496200 ms  DeleteObjects: 0.023200 ms)

========================================================================
Received Prepare
Registering precompiled user dll's ...
Registered in 0.005801 seconds.
Begin MonoManager ReloadAssembly
Native extension for WindowsStandalone target not found
Refreshing native plugins compatible for Editor in 0.83 ms, found 1 plugins.
Preloading 0 native plugins for Editor in 0.00 ms.
Invoked RoslynAnalysisRunner static constructor.
RoslynAnalysisRunner will not be running.
RoslynAnalysisRunner has terminated.
Mono: successfully reloaded assembly
- Completed reload, in  5.526 seconds
Platform modules already initialized, skipping
Refreshing native plugins compatible for Editor in 0.75 ms, found 1 plugins.
Preloading 0 native plugins for Editor in 0.00 ms.
Unloading 1784 Unused Serialized files (Serialized files now loaded: 0)
System memory in use before: 87.6 MB.
System memory in use after: 87.7 MB.

Unloading 7 unused Assets to reduce memory usage. Loaded Objects now: 2404.
Total: 3.805400 ms (FindLiveObjects: 0.545800 ms CreateObjectMapping: 0.255200 ms MarkObjects: 2.966600 ms  DeleteObjects: 0.035100 ms)

========================================================================
Received Import Request.
  Time since last request: 508.991776 seconds.
  path: Assets/Ilumisoft/Minesweeper/Animations/Unlock.anim
  artifactKey: Guid(0b709cbb955a0654482c7e29a85b9bce) Importer(815301076,1909f56bfc062723c751e8b465ee728b)
Start importing Assets/Ilumisoft/Minesweeper/Animations/Unlock.anim using Guid(0b709cbb955a0654482c7e29a85b9bce) Importer(815301076,1909f56bfc062723c751e8b465ee728b)  -> (artifact id: '4d0afa0bea0f84017ac2e1ce4c8fcc83') in 0.025200 seconds
  Import took 0.030219 seconds .

========================================================================
Received Import Request.
  Time since last request: 65.004213 seconds.
  path: Assets/Ilumisoft/Minesweeper/Prefabs/Tiles/Normal Tile.prefab
  artifactKey: Guid(8b3be3472d450d747985c267aabdc835) Importer(815301076,1909f56bfc062723c751e8b465ee728b)
Start importing Assets/Ilumisoft/Minesweeper/Prefabs/Tiles/Normal Tile.prefab using Guid(8b3be3472d450d747985c267aabdc835) Importer(815301076,1909f56bfc062723c751e8b465ee728b)  -> (artifact id: '07f727482eca00a5429bdcdb8d53001b') in 0.133525 seconds
  Import took 0.141642 seconds .

========================================================================
Received Prepare
Registering precompiled user dll's ...
Registered in 0.002080 seconds.
Begin MonoManager ReloadAssembly
Native extension for WindowsStandalone target not found
Refreshing native plugins compatible for Editor in 0.44 ms, found 1 plugins.
Preloading 0 native plugins for Editor in 0.00 ms.
Invoked RoslynAnalysisRunner static constructor.
RoslynAnalysisRunner will not be running.
RoslynAnalysisRunner has terminated.
Mono: successfully reloaded assembly
- Completed reload, in  1.516 seconds
Platform modules already initialized, skipping
Refreshing native plugins compatible for Editor in 0.43 ms, found 1 plugins.
Preloading 0 native plugins for Editor in 0.00 ms.
Unloading 1784 Unused Serialized files (Serialized files now loaded: 0)
System memory in use before: 87.6 MB.
System memory in use after: 87.8 MB.

Unloading 7 unused Assets to reduce memory usage. Loaded Objects now: 2408.
Total: 2.547300 ms (FindLiveObjects: 0.303700 ms CreateObjectMapping: 0.098000 ms MarkObjects: 2.120600 ms  DeleteObjects: 0.023400 ms)

========================================================================
Received Import Request.
  Time since last request: 24.006213 seconds.
  path: Assets/Ilumisoft/Minesweeper/Prefabs/Tiles/Props/Lock.prefab
  artifactKey: Guid(70936075363ad8b4f86d7e74940b9fb2) Importer(815301076,1909f56bfc062723c751e8b465ee728b)
Start importing Assets/Ilumisoft/Minesweeper/Prefabs/Tiles/Props/Lock.prefab using Guid(70936075363ad8b4f86d7e74940b9fb2) Importer(815301076,1909f56bfc062723c751e8b465ee728b)  -> (artifact id: '76217ee9158fc01944c30ee1c3de9971') in 0.106032 seconds
  Import took 0.111390 seconds .

========================================================================
Received Prepare
Registering precompiled user dll's ...
Registered in 0.001059 seconds.
Begin MonoManager ReloadAssembly
Native extension for WindowsStandalone target not found
Refreshing native plugins compatible for Editor in 0.56 ms, found 1 plugins.
Preloading 0 native plugins for Editor in 0.00 ms.
Invoked RoslynAnalysisRunner static constructor.
RoslynAnalysisRunner will not be running.
RoslynAnalysisRunner has terminated.
Mono: successfully reloaded assembly
- Completed reload, in  1.442 seconds
Platform modules already initialized, skipping
Refreshing native plugins compatible for Editor in 0.43 ms, found 1 plugins.
Preloading 0 native plugins for Editor in 0.00 ms.
Unloading 1784 Unused Serialized files (Serialized files now loaded: 0)
System memory in use before: 87.6 MB.
System memory in use after: 87.8 MB.

Unloading 7 unused Assets to reduce memory usage. Loaded Objects now: 2412.
Total: 2.887200 ms (FindLiveObjects: 0.209200 ms CreateObjectMapping: 0.075500 ms MarkObjects: 2.576200 ms  DeleteObjects: 0.024700 ms)

========================================================================
Received Prepare
Registering precompiled user dll's ...
Registered in 0.001023 seconds.
Begin MonoManager ReloadAssembly
Native extension for WindowsStandalone target not found
Refreshing native plugins compatible for Editor in 0.58 ms, found 1 plugins.
Preloading 0 native plugins for Editor in 0.00 ms.
Invoked RoslynAnalysisRunner static constructor.
RoslynAnalysisRunner will not be running.
RoslynAnalysisRunner has terminated.
Mono: successfully reloaded assembly
- Completed reload, in  1.532 seconds
Platform modules already initialized, skipping
Refreshing native plugins compatible for Editor in 0.45 ms, found 1 plugins.
Preloading 0 native plugins for Editor in 0.00 ms.
Unloading 1784 Unused Serialized files (Serialized files now loaded: 0)
System memory in use before: 87.7 MB.
System memory in use after: 87.8 MB.

Unloading 7 unused Assets to reduce memory usage. Loaded Objects now: 2415.
Total: 2.668800 ms (FindLiveObjects: 0.219400 ms CreateObjectMapping: 0.088100 ms MarkObjects: 2.335100 ms  DeleteObjects: 0.024700 ms)

========================================================================
Received Prepare
Registering precompiled user dll's ...
Registered in 0.001011 seconds.
Begin MonoManager ReloadAssembly
Native extension for WindowsStandalone target not found
Refreshing native plugins compatible for Editor in 0.67 ms, found 1 plugins.
Preloading 0 native plugins for Editor in 0.00 ms.
Invoked RoslynAnalysisRunner static constructor.
RoslynAnalysisRunner will not be running.
RoslynAnalysisRunner has terminated.
Mono: successfully reloaded assembly
- Completed reload, in  1.347 seconds
Platform modules already initialized, skipping
Refreshing native plugins compatible for Editor in 0.43 ms, found 1 plugins.
Preloading 0 native plugins for Editor in 0.00 ms.
Unloading 1784 Unused Serialized files (Serialized files now loaded: 0)
System memory in use before: 87.7 MB.
System memory in use after: 87.8 MB.

Unloading 7 unused Assets to reduce memory usage. Loaded Objects now: 2418.
Total: 2.893900 ms (FindLiveObjects: 0.206100 ms CreateObjectMapping: 0.074600 ms MarkObjects: 2.587000 ms  DeleteObjects: 0.024100 ms)

========================================================================
Received Import Request.
  Time since last request: 390.733748 seconds.
  path: Assets/Ilumisoft/Minesweeper/Animations/Unflag.anim
  artifactKey: Guid(83714edf02d9dd447b0bc6dd70ff89d0) Importer(815301076,1909f56bfc062723c751e8b465ee728b)
Start importing Assets/Ilumisoft/Minesweeper/Animations/Unflag.anim using Guid(83714edf02d9dd447b0bc6dd70ff89d0) Importer(815301076,1909f56bfc062723c751e8b465ee728b)  -> (artifact id: 'e4f9cadd3f49ee3c231a2dc4042884ec') in 0.037144 seconds
  Import took 0.043353 seconds .

========================================================================
Received Import Request.
  Time since last request: 82.576100 seconds.
  path: Assets/Ilumisoft/Minesweeper/Prefabs/Tiles/Normal Tile.prefab
  artifactKey: Guid(8b3be3472d450d747985c267aabdc835) Importer(815301076,1909f56bfc062723c751e8b465ee728b)
Start importing Assets/Ilumisoft/Minesweeper/Prefabs/Tiles/Normal Tile.prefab using Guid(8b3be3472d450d747985c267aabdc835) Importer(815301076,1909f56bfc062723c751e8b465ee728b)  -> (artifact id: 'bf5c885727f396f5b5028fbd603ae491') in 0.108095 seconds
  Import took 0.119153 seconds .

========================================================================
Received Import Request.
  Time since last request: 0.008107 seconds.
  path: Assets/Ilumisoft/Minesweeper/Prefabs/Tiles/Normal Tile.prefab
  artifactKey: Guid(8b3be3472d450d747985c267aabdc835) Importer(815301076,1909f56bfc062723c751e8b465ee728b)
Start importing Assets/Ilumisoft/Minesweeper/Prefabs/Tiles/Normal Tile.prefab using Guid(8b3be3472d450d747985c267aabdc835) Importer(815301076,1909f56bfc062723c751e8b465ee728b)  -> (artifact id: 'bf5c885727f396f5b5028fbd603ae491') in 0.032282 seconds
  Import took 0.040526 seconds .

========================================================================
Received Import Request.
  Time since last request: 121.773396 seconds.
  path: Assets/Ilumisoft/Minesweeper/Animations/Tile Animator.controller
  artifactKey: Guid(ef3af623ec016a1448b6949304ba01e0) Importer(815301076,1909f56bfc062723c751e8b465ee728b)
Start importing Assets/Ilumisoft/Minesweeper/Animations/Tile Animator.controller using Guid(ef3af623ec016a1448b6949304ba01e0) Importer(815301076,1909f56bfc062723c751e8b465ee728b)  -> (artifact id: '01d594dc5319fcc3a7749d4321023da9') in 0.019734 seconds
  Import took 0.026288 seconds .

========================================================================
Received Prepare
Registering precompiled user dll's ...
Registered in 0.001488 seconds.
Begin MonoManager ReloadAssembly
Native extension for WindowsStandalone target not found
Refreshing native plugins compatible for Editor in 0.51 ms, found 1 plugins.
Preloading 0 native plugins for Editor in 0.00 ms.
Invoked RoslynAnalysisRunner static constructor.
RoslynAnalysisRunner will not be running.
RoslynAnalysisRunner has terminated.
Mono: successfully reloaded assembly
- Completed reload, in  1.454 seconds
Platform modules already initialized, skipping
Refreshing native plugins compatible for Editor in 0.68 ms, found 1 plugins.
Preloading 0 native plugins for Editor in 0.00 ms.
Unloading 1784 Unused Serialized files (Serialized files now loaded: 0)
System memory in use before: 87.7 MB.
System memory in use after: 87.8 MB.

Unloading 7 unused Assets to reduce memory usage. Loaded Objects now: 2422.
Total: 3.528200 ms (FindLiveObjects: 0.387100 ms CreateObjectMapping: 0.157600 ms MarkObjects: 2.955800 ms  DeleteObjects: 0.025200 ms)

========================================================================
Received Prepare
Registering precompiled user dll's ...
Registered in 0.001308 seconds.
Begin MonoManager ReloadAssembly
Native extension for WindowsStandalone target not found
Refreshing native plugins compatible for Editor in 0.82 ms, found 1 plugins.
Preloading 0 native plugins for Editor in 0.00 ms.
Invoked RoslynAnalysisRunner static constructor.
RoslynAnalysisRunner will not be running.
RoslynAnalysisRunner has terminated.
Mono: successfully reloaded assembly
- Completed reload, in  1.455 seconds
Platform modules already initialized, skipping
Refreshing native plugins compatible for Editor in 0.71 ms, found 1 plugins.
Preloading 0 native plugins for Editor in 0.00 ms.
Unloading 1784 Unused Serialized files (Serialized files now loaded: 0)
System memory in use before: 87.7 MB.
System memory in use after: 87.8 MB.

Unloading 7 unused Assets to reduce memory usage. Loaded Objects now: 2425.
Total: 3.570300 ms (FindLiveObjects: 0.297000 ms CreateObjectMapping: 0.106600 ms MarkObjects: 3.137300 ms  DeleteObjects: 0.027900 ms)

========================================================================
Received Prepare
Registering precompiled user dll's ...
Registered in 0.001026 seconds.
Begin MonoManager ReloadAssembly
Native extension for WindowsStandalone target not found
Refreshing native plugins compatible for Editor in 0.59 ms, found 1 plugins.
Preloading 0 native plugins for Editor in 0.00 ms.
Invoked RoslynAnalysisRunner static constructor.
RoslynAnalysisRunner will not be running.
RoslynAnalysisRunner has terminated.
Mono: successfully reloaded assembly
- Completed reload, in  1.505 seconds
Platform modules already initialized, skipping
Refreshing native plugins compatible for Editor in 0.52 ms, found 1 plugins.
Preloading 0 native plugins for Editor in 0.00 ms.
Unloading 1784 Unused Serialized files (Serialized files now loaded: 0)
System memory in use before: 87.7 MB.
System memory in use after: 87.8 MB.

Unloading 7 unused Assets to reduce memory usage. Loaded Objects now: 2428.
Total: 4.025500 ms (FindLiveObjects: 0.463300 ms CreateObjectMapping: 0.136500 ms MarkObjects: 3.391500 ms  DeleteObjects: 0.032500 ms)

========================================================================
Received Import Request.
  Time since last request: 288.164546 seconds.
  path: Assets/Ilumisoft/Minesweeper/Animations/Lock.anim
  artifactKey: Guid(006162c20b1ef9e429b22c5f6e02d01f) Importer(815301076,1909f56bfc062723c751e8b465ee728b)
Start importing Assets/Ilumisoft/Minesweeper/Animations/Lock.anim using Guid(006162c20b1ef9e429b22c5f6e02d01f) Importer(815301076,1909f56bfc062723c751e8b465ee728b)  -> (artifact id: '7e8e867743fb251af51a20c72c40f876') in 0.021735 seconds
  Import took 0.027065 seconds .

========================================================================
Received Import Request.
  Time since last request: 2.362649 seconds.
  path: Assets/Ilumisoft/Minesweeper/Animations/Unlock.anim
  artifactKey: Guid(0b709cbb955a0654482c7e29a85b9bce) Importer(815301076,1909f56bfc062723c751e8b465ee728b)
Start importing Assets/Ilumisoft/Minesweeper/Animations/Unlock.anim using Guid(0b709cbb955a0654482c7e29a85b9bce) Importer(815301076,1909f56bfc062723c751e8b465ee728b)  -> (artifact id: '2174797895d58510d050a2ec5465f774') in 0.008421 seconds
  Import took 0.014834 seconds .

========================================================================
Received Prepare
Registering precompiled user dll's ...
Registered in 0.001000 seconds.
Begin MonoManager ReloadAssembly
Native extension for WindowsStandalone target not found
Refreshing native plugins compatible for Editor in 0.48 ms, found 1 plugins.
Preloading 0 native plugins for Editor in 0.00 ms.
Invoked RoslynAnalysisRunner static constructor.
RoslynAnalysisRunner will not be running.
RoslynAnalysisRunner has terminated.
Mono: successfully reloaded assembly
- Completed reload, in  1.464 seconds
Platform modules already initialized, skipping
Refreshing native plugins compatible for Editor in 0.42 ms, found 1 plugins.
Preloading 0 native plugins for Editor in 0.00 ms.
Unloading 1784 Unused Serialized files (Serialized files now loaded: 0)
System memory in use before: 87.7 MB.
System memory in use after: 87.8 MB.

Unloading 7 unused Assets to reduce memory usage. Loaded Objects now: 2431.
Total: 2.716900 ms (FindLiveObjects: 0.268200 ms CreateObjectMapping: 0.111200 ms MarkObjects: 2.309200 ms  DeleteObjects: 0.026200 ms)

========================================================================
Received Prepare
Registering precompiled user dll's ...
Registered in 0.001658 seconds.
Begin MonoManager ReloadAssembly
Native extension for WindowsStandalone target not found
Refreshing native plugins compatible for Editor in 0.68 ms, found 1 plugins.
Preloading 0 native plugins for Editor in 0.00 ms.
Invoked RoslynAnalysisRunner static constructor.
RoslynAnalysisRunner will not be running.
RoslynAnalysisRunner has terminated.
Mono: successfully reloaded assembly
- Completed reload, in  1.478 seconds
Platform modules already initialized, skipping
Refreshing native plugins compatible for Editor in 0.54 ms, found 1 plugins.
Preloading 0 native plugins for Editor in 0.00 ms.
Unloading 1784 Unused Serialized files (Serialized files now loaded: 0)
System memory in use before: 87.7 MB.
System memory in use after: 87.8 MB.

Unloading 7 unused Assets to reduce memory usage. Loaded Objects now: 2434.
Total: 3.596800 ms (FindLiveObjects: 0.577600 ms CreateObjectMapping: 0.288100 ms MarkObjects: 2.704300 ms  DeleteObjects: 0.025300 ms)

========================================================================
Received Prepare
Registering precompiled user dll's ...
Registered in 0.001464 seconds.
Begin MonoManager ReloadAssembly
Native extension for WindowsStandalone target not found
Refreshing native plugins compatible for Editor in 0.79 ms, found 1 plugins.
Preloading 0 native plugins for Editor in 0.00 ms.
Invoked RoslynAnalysisRunner static constructor.
RoslynAnalysisRunner will not be running.
RoslynAnalysisRunner has terminated.
Mono: successfully reloaded assembly
- Completed reload, in  1.383 seconds
Platform modules already initialized, skipping
Refreshing native plugins compatible for Editor in 0.46 ms, found 1 plugins.
Preloading 0 native plugins for Editor in 0.00 ms.
Unloading 1784 Unused Serialized files (Serialized files now loaded: 0)
System memory in use before: 87.7 MB.
System memory in use after: 87.8 MB.

Unloading 7 unused Assets to reduce memory usage. Loaded Objects now: 2437.
Total: 3.525800 ms (FindLiveObjects: 0.304900 ms CreateObjectMapping: 0.109500 ms MarkObjects: 3.086500 ms  DeleteObjects: 0.023000 ms)

========================================================================
Received Prepare
Registering precompiled user dll's ...
Registered in 0.001002 seconds.
Begin MonoManager ReloadAssembly
Native extension for WindowsStandalone target not found
Refreshing native plugins compatible for Editor in 0.44 ms, found 1 plugins.
Preloading 0 native plugins for Editor in 0.00 ms.
Invoked RoslynAnalysisRunner static constructor.
RoslynAnalysisRunner will not be running.
RoslynAnalysisRunner has terminated.
Mono: successfully reloaded assembly
- Completed reload, in  1.466 seconds
Platform modules already initialized, skipping
Refreshing native plugins compatible for Editor in 0.57 ms, found 1 plugins.
Preloading 0 native plugins for Editor in 0.00 ms.
Unloading 1784 Unused Serialized files (Serialized files now loaded: 0)
System memory in use before: 87.7 MB.
System memory in use after: 87.8 MB.

Unloading 7 unused Assets to reduce memory usage. Loaded Objects now: 2440.
Total: 2.549800 ms (FindLiveObjects: 0.249500 ms CreateObjectMapping: 0.102300 ms MarkObjects: 2.171400 ms  DeleteObjects: 0.024900 ms)

========================================================================
Received Import Request.
  Time since last request: 120.118582 seconds.
  path: Assets/Ilumisoft/Minesweeper/Animations/Tile Animator.controller
  artifactKey: Guid(ef3af623ec016a1448b6949304ba01e0) Importer(815301076,1909f56bfc062723c751e8b465ee728b)
Start importing Assets/Ilumisoft/Minesweeper/Animations/Tile Animator.controller using Guid(ef3af623ec016a1448b6949304ba01e0) Importer(815301076,1909f56bfc062723c751e8b465ee728b)  -> (artifact id: '817a5d0edb400de50d89aea7044fe3ca') in 0.019243 seconds
  Import took 0.023789 seconds .

AssetImportWorkerClient::OnTransportError - code=2 error=End of file
