Using pre-set license
Built from '2020.2/staging' branch; Version is '2020.2.3f1 (8ff31bc5bf5b) revision 9433883'; Using compiler version '192528614'; Build Type 'Release'
OS: 'Windows 10 Pro; OS build 18363.1379; Version 1909; 64bit' Language: 'ru' Physical Memory: 8111 MB
BatchMode: 1, IsHumanControllingUs: 0, StartBugReporterOnCrash: 0, Is64bit: 1, IsPro: 0

 COMMAND LINE ARGUMENTS:
D:\Unity\2020.2.3f1\Editor\Unity.exe
-adb2
-batchMode
-noUpm
-name
AssetImportWorker0
-projectPath
D:/Unity Projects/saper/Minesweeper_MageJam/Minesweeper
-logFile
Logs/AssetImportWorker0.log
-srvPort
59822
Successfully changed project path to: D:/Unity Projects/saper/Minesweeper_MageJam/Minesweeper
D:/Unity Projects/saper/Minesweeper_MageJam/Minesweeper
Using Asset Import Pipeline V2.
Refreshing native plugins compatible for Editor in 31.74 ms, found 1 plugins.
Preloading 0 native plugins for Editor in 0.00 ms.
Initialize engine version: 2020.2.3f1 (8ff31bc5bf5b)
[Subsystems] Discovering subsystems at path D:/Unity/2020.2.3f1/Editor/Data/Resources/UnitySubsystems
[Subsystems] Discovering subsystems at path D:/Unity Projects/saper/Minesweeper_MageJam/Minesweeper/Assets
GfxDevice: creating device client; threaded=0
Direct3D:
    Version:  Direct3D 11.0 [level 11.1]
    Renderer: NVIDIA GeForce GTX 1650 (ID=0x1f91)
    Vendor:   
    VRAM:     3962 MB
    Driver:   27.21.14.6172
Initialize mono
Mono path[0] = 'D:/Unity/2020.2.3f1/Editor/Data/Managed'
Mono path[1] = 'D:/Unity/2020.2.3f1/Editor/Data/MonoBleedingEdge/lib/mono/unityjit'
Mono config path = 'D:/Unity/2020.2.3f1/Editor/Data/MonoBleedingEdge/etc'
Using monoOptions --debugger-agent=transport=dt_socket,embedding=1,server=y,suspend=n,address=127.0.0.1:56464
Begin MonoManager ReloadAssembly
Registering precompiled unity dll's ...
Register platform support module: D:/Unity/2020.2.3f1/Editor/Data/PlaybackEngines/WindowsStandaloneSupport/UnityEditor.WindowsStandalone.Extensions.dll
Registered in 0.000947 seconds.
Native extension for WindowsStandalone target not found
Refreshing native plugins compatible for Editor in 30.61 ms, found 1 plugins.
Preloading 0 native plugins for Editor in 0.00 ms.
Invoked RoslynAnalysisRunner static constructor.
RoslynAnalysisRunner will not be running.
RoslynAnalysisRunner has terminated.
Mono: successfully reloaded assembly
- Completed reload, in  0.817 seconds
Platform modules already initialized, skipping
Registering precompiled user dll's ...
Registered in 0.000743 seconds.
Begin MonoManager ReloadAssembly
Native extension for WindowsStandalone target not found
Refreshing native plugins compatible for Editor in 31.42 ms, found 1 plugins.
Preloading 0 native plugins for Editor in 0.00 ms.
Invoked RoslynAnalysisRunner static constructor.
RoslynAnalysisRunner will not be running.
RoslynAnalysisRunner has terminated.
Mono: successfully reloaded assembly
- Completed reload, in  0.789 seconds
Platform modules already initialized, skipping
========================================================================
Worker process is ready to serve import requests
Launched and connected shader compiler UnityShaderCompiler.exe after 0.05 seconds
Refreshing native plugins compatible for Editor in 0.59 ms, found 1 plugins.
Preloading 0 native plugins for Editor in 0.00 ms.
Unloading 1792 Unused Serialized files (Serialized files now loaded: 0)
System memory in use before: 84.2 MB.
System memory in use after: 84.3 MB.

Unloading 19 unused Assets to reduce memory usage. Loaded Objects now: 2241.
Total: 1.733600 ms (FindLiveObjects: 0.176200 ms CreateObjectMapping: 0.066300 ms MarkObjects: 1.424200 ms  DeleteObjects: 0.065900 ms)

========================================================================
Received Import Request.
  path: Assets/Animation
  artifactKey: Guid(85e11131eb2fadc4da4b64e5efaa9f4c) Importer(815301076,1909f56bfc062723c751e8b465ee728b)
Start importing Assets/Animation using Guid(85e11131eb2fadc4da4b64e5efaa9f4c) Importer(815301076,1909f56bfc062723c751e8b465ee728b)  -> (artifact id: 'fbee79e000cb9bc6ee08517370547b60') in 0.007115 seconds
  Import took 0.009804 seconds .

========================================================================
Received Import Request.
  Time since last request: 15.703001 seconds.
  path: Assets/boom_shhet.png
  artifactKey: Guid(8c8069d489b587c4da510066db4b4726) Importer(815301076,1909f56bfc062723c751e8b465ee728b)
Start importing Assets/boom_shhet.png using Guid(8c8069d489b587c4da510066db4b4726) Importer(815301076,1909f56bfc062723c751e8b465ee728b)  -> (artifact id: '48605d8e8a733cdd63c776675d6be9dc') in 0.146255 seconds
  Import took 0.149059 seconds .

========================================================================
Received Import Request.
  Time since last request: 23.734407 seconds.
  path: Assets/boom_shhet.png
  artifactKey: Guid(8c8069d489b587c4da510066db4b4726) Importer(815301076,1909f56bfc062723c751e8b465ee728b)
Start importing Assets/boom_shhet.png using Guid(8c8069d489b587c4da510066db4b4726) Importer(815301076,1909f56bfc062723c751e8b465ee728b)  -> (artifact id: 'db72112ac36835eeebccc4cbde671f3e') in 0.010983 seconds
  Import took 0.014271 seconds .

========================================================================
Received Import Request.
  Time since last request: 5.814499 seconds.
  path: Assets/boom_shhet.png
  artifactKey: Guid(8c8069d489b587c4da510066db4b4726) Importer(815301076,1909f56bfc062723c751e8b465ee728b)
Start importing Assets/boom_shhet.png using Guid(8c8069d489b587c4da510066db4b4726) Importer(815301076,1909f56bfc062723c751e8b465ee728b)  -> (artifact id: '834e0254f0d0944bc7a0f0cdea454b76') in 0.014220 seconds
  Import took 0.016977 seconds .

========================================================================
Received Import Request.
  Time since last request: 3.950987 seconds.
  path: Assets/drop_podFLIGHT.png
  artifactKey: Guid(8b906da75ec5abd4c882eef17451ea9f) Importer(815301076,1909f56bfc062723c751e8b465ee728b)
Start importing Assets/drop_podFLIGHT.png using Guid(8b906da75ec5abd4c882eef17451ea9f) Importer(815301076,1909f56bfc062723c751e8b465ee728b)  -> (artifact id: '792f48ccb6401176ba95aa0a299f084b') in 0.023310 seconds
  Import took 0.025885 seconds .

========================================================================
Received Import Request.
  Time since last request: 13.834118 seconds.
  path: Assets/drop_podFLIGHT.png
  artifactKey: Guid(8b906da75ec5abd4c882eef17451ea9f) Importer(815301076,1909f56bfc062723c751e8b465ee728b)
Start importing Assets/drop_podFLIGHT.png using Guid(8b906da75ec5abd4c882eef17451ea9f) Importer(815301076,1909f56bfc062723c751e8b465ee728b)  -> (artifact id: '9b1dd7a82f67591cf72114a4d4029b42') in 0.011165 seconds
  Import took 0.015080 seconds .

========================================================================
Received Import Request.
  Time since last request: 2.524740 seconds.
  path: Assets/boom_shhet.png
  artifactKey: Guid(8c8069d489b587c4da510066db4b4726) Importer(815301076,1909f56bfc062723c751e8b465ee728b)
Start importing Assets/boom_shhet.png using Guid(8c8069d489b587c4da510066db4b4726) Importer(815301076,1909f56bfc062723c751e8b465ee728b)  -> (artifact id: '0cdf4cb6beb2c1cf8b99cd4a55c544bf') in 0.014740 seconds
  Import took 0.017797 seconds .

========================================================================
Received Import Request.
  Time since last request: 1.442391 seconds.
  path: Assets/drop_podCONTACT.png
  artifactKey: Guid(bc4f8d013fddd5b45b46dbf8eb768898) Importer(815301076,1909f56bfc062723c751e8b465ee728b)
Start importing Assets/drop_podCONTACT.png using Guid(bc4f8d013fddd5b45b46dbf8eb768898) Importer(815301076,1909f56bfc062723c751e8b465ee728b)  -> (artifact id: 'a26908c4069fad5549ce70cd761b486b') in 0.015615 seconds
  Import took 0.018394 seconds .

========================================================================
Received Import Request.
  Time since last request: 0.886833 seconds.
  path: Assets/soldier_down-Sheet.png
  artifactKey: Guid(b82ad0506e1f16143841e0098c1dbf90) Importer(815301076,1909f56bfc062723c751e8b465ee728b)
Start importing Assets/soldier_down-Sheet.png using Guid(b82ad0506e1f16143841e0098c1dbf90) Importer(815301076,1909f56bfc062723c751e8b465ee728b)  -> (artifact id: 'ce9529ae1a1bb858905733612a78ed0c') in 0.017112 seconds
  Import took 0.020025 seconds .

========================================================================
Received Import Request.
  Time since last request: 13.657295 seconds.
  path: Assets/Ilumisoft/Minesweeper/Textures/Tile/Bomb Icon.png
  artifactKey: Guid(a515784ca9e6ffc4a922fbad4cf6811a) Importer(815301076,1909f56bfc062723c751e8b465ee728b)
Start importing Assets/Ilumisoft/Minesweeper/Textures/Tile/Bomb Icon.png using Guid(a515784ca9e6ffc4a922fbad4cf6811a) Importer(815301076,1909f56bfc062723c751e8b465ee728b)  -> (artifact id: 'f9894ae0bb919d3e164b58106097aa9b') in 0.020798 seconds
  Import took 0.024130 seconds .

========================================================================
Received Import Request.
  Time since last request: 0.000328 seconds.
  path: Assets/Ilumisoft/Minesweeper/Textures/UI/Button.png
  artifactKey: Guid(de3461df4b8487b45889cf4c7ec8ae1a) Importer(815301076,1909f56bfc062723c751e8b465ee728b)
Start importing Assets/Ilumisoft/Minesweeper/Textures/UI/Button.png using Guid(de3461df4b8487b45889cf4c7ec8ae1a) Importer(815301076,1909f56bfc062723c751e8b465ee728b)  -> (artifact id: '20eb8731cc470d70d60550f1c43692c2') in 0.030041 seconds
  Import took 0.033070 seconds .

========================================================================
Received Import Request.
  Time since last request: 0.000217 seconds.
  path: Assets/Ilumisoft/Minesweeper/Textures/UI/Circle.png
  artifactKey: Guid(61f64d5d34b4a2140836c864abf90eb1) Importer(815301076,1909f56bfc062723c751e8b465ee728b)
Start importing Assets/Ilumisoft/Minesweeper/Textures/UI/Circle.png using Guid(61f64d5d34b4a2140836c864abf90eb1) Importer(815301076,1909f56bfc062723c751e8b465ee728b)  -> (artifact id: 'eb5f64040db9234cf628c52b3e4793c4') in 0.026265 seconds
  Import took 0.029265 seconds .

========================================================================
Received Import Request.
  Time since last request: 0.000270 seconds.
  path: Assets/Ilumisoft/Minesweeper/Textures/UI/Button.png
  artifactKey: Guid(de3461df4b8487b45889cf4c7ec8ae1a) Importer(815301076,1909f56bfc062723c751e8b465ee728b)
Start importing Assets/Ilumisoft/Minesweeper/Textures/UI/Button.png using Guid(de3461df4b8487b45889cf4c7ec8ae1a) Importer(815301076,1909f56bfc062723c751e8b465ee728b)  -> (artifact id: '20eb8731cc470d70d60550f1c43692c2') in 0.009266 seconds
  Import took 0.012636 seconds .

========================================================================
Received Import Request.
  Time since last request: 0.000238 seconds.
  path: Assets/Ilumisoft/Minesweeper/Textures/UI/Circle.png
  artifactKey: Guid(61f64d5d34b4a2140836c864abf90eb1) Importer(815301076,1909f56bfc062723c751e8b465ee728b)
Start importing Assets/Ilumisoft/Minesweeper/Textures/UI/Circle.png using Guid(61f64d5d34b4a2140836c864abf90eb1) Importer(815301076,1909f56bfc062723c751e8b465ee728b)  -> (artifact id: 'eb5f64040db9234cf628c52b3e4793c4') in 0.011041 seconds
  Import took 0.014164 seconds .

========================================================================
Received Import Request.
  Time since last request: 0.000315 seconds.
  path: Assets/Ilumisoft/Minesweeper/Textures/Tile/Flag Icon.png
  artifactKey: Guid(63491fd68e33e3045bdb9ac76729de5a) Importer(815301076,1909f56bfc062723c751e8b465ee728b)
Start importing Assets/Ilumisoft/Minesweeper/Textures/Tile/Flag Icon.png using Guid(63491fd68e33e3045bdb9ac76729de5a) Importer(815301076,1909f56bfc062723c751e8b465ee728b)  -> (artifact id: '3005b9ac3b9f8c2f5a87d21b0d964f9e') in 0.021285 seconds
  Import took 0.024046 seconds .

========================================================================
Received Import Request.
  Time since last request: 0.000247 seconds.
  path: Assets/Ilumisoft/Minesweeper/Textures/Tile/Bomb Icon.png
  artifactKey: Guid(a515784ca9e6ffc4a922fbad4cf6811a) Importer(815301076,1909f56bfc062723c751e8b465ee728b)
Start importing Assets/Ilumisoft/Minesweeper/Textures/Tile/Bomb Icon.png using Guid(a515784ca9e6ffc4a922fbad4cf6811a) Importer(815301076,1909f56bfc062723c751e8b465ee728b)  -> (artifact id: 'f9894ae0bb919d3e164b58106097aa9b') in 0.008699 seconds
  Import took 0.011339 seconds .

========================================================================
Received Import Request.
  Time since last request: 0.000311 seconds.
  path: Assets/Ilumisoft/Minesweeper/Textures/UI/Close-Icon.png
  artifactKey: Guid(593cfe168243fd643b2d0a27e78f3204) Importer(815301076,1909f56bfc062723c751e8b465ee728b)
Start importing Assets/Ilumisoft/Minesweeper/Textures/UI/Close-Icon.png using Guid(593cfe168243fd643b2d0a27e78f3204) Importer(815301076,1909f56bfc062723c751e8b465ee728b)  -> (artifact id: '7cc666dbcc5e91b5604268cb6c263271') in 0.016472 seconds
  Import took 0.019123 seconds .

========================================================================
Received Import Request.
  Time since last request: 0.000268 seconds.
  path: Assets/Ilumisoft/Minesweeper/Textures/Tile/Tile Background.png
  artifactKey: Guid(fcbe405dc01f769448d2c55a95356ff7) Importer(815301076,1909f56bfc062723c751e8b465ee728b)
Start importing Assets/Ilumisoft/Minesweeper/Textures/Tile/Tile Background.png using Guid(fcbe405dc01f769448d2c55a95356ff7) Importer(815301076,1909f56bfc062723c751e8b465ee728b)  -> (artifact id: 'bfdacc11c482bd4dd532ff24b8d1d9fc') in 0.025783 seconds
  Import took 0.028487 seconds .

========================================================================
Received Import Request.
  Time since last request: 88.274197 seconds.
  path: Assets/boom_shhet.png
  artifactKey: Guid(8c8069d489b587c4da510066db4b4726) Importer(815301076,1909f56bfc062723c751e8b465ee728b)
Start importing Assets/boom_shhet.png using Guid(8c8069d489b587c4da510066db4b4726) Importer(815301076,1909f56bfc062723c751e8b465ee728b)  -> (artifact id: 'ce13437741312adde3f80b27ab00fb8b') in 0.022420 seconds
  Import took 0.025602 seconds .

========================================================================
Received Import Request.
  Time since last request: 118.771150 seconds.
  path: Assets/drop_podCONTACT.png
  artifactKey: Guid(bc4f8d013fddd5b45b46dbf8eb768898) Importer(815301076,1909f56bfc062723c751e8b465ee728b)
Start importing Assets/drop_podCONTACT.png using Guid(bc4f8d013fddd5b45b46dbf8eb768898) Importer(815301076,1909f56bfc062723c751e8b465ee728b)  -> (artifact id: '1cc9d4bc5c619c1e4a25388b87d8427d') in 0.053162 seconds
  Import took 0.057696 seconds .

========================================================================
Received Import Request.
  Time since last request: 44.440572 seconds.
  path: Assets/drop_podFLIGHT.png
  artifactKey: Guid(8b906da75ec5abd4c882eef17451ea9f) Importer(815301076,1909f56bfc062723c751e8b465ee728b)
Start importing Assets/drop_podFLIGHT.png using Guid(8b906da75ec5abd4c882eef17451ea9f) Importer(815301076,1909f56bfc062723c751e8b465ee728b)  -> (artifact id: '977bc01438e8a137ac2691f36b434fe5') in 0.030631 seconds
  Import took 0.035037 seconds .

========================================================================
Received Import Request.
  Time since last request: 13.096352 seconds.
  path: Assets/soldier_down-Sheet.png
  artifactKey: Guid(b82ad0506e1f16143841e0098c1dbf90) Importer(815301076,1909f56bfc062723c751e8b465ee728b)
Start importing Assets/soldier_down-Sheet.png using Guid(b82ad0506e1f16143841e0098c1dbf90) Importer(815301076,1909f56bfc062723c751e8b465ee728b)  -> (artifact id: '5b7fdf62df22c046bd5d1d1a8a33205b') in 0.034583 seconds
  Import took 0.038553 seconds .

========================================================================
Received Import Request.
  Time since last request: 7.556921 seconds.
  path: Assets/soldier_run.png
  artifactKey: Guid(84efbe0b2ef5f6342a34e9552efd23e7) Importer(815301076,1909f56bfc062723c751e8b465ee728b)
Start importing Assets/soldier_run.png using Guid(84efbe0b2ef5f6342a34e9552efd23e7) Importer(815301076,1909f56bfc062723c751e8b465ee728b)  -> (artifact id: '50bd0d3f76696fb0e693c9277f4d6c5a') in 0.016751 seconds
  Import took 0.020481 seconds .

========================================================================
Received Import Request.
  Time since last request: 5.505007 seconds.
  path: Assets/soldier_run.png
  artifactKey: Guid(84efbe0b2ef5f6342a34e9552efd23e7) Importer(815301076,1909f56bfc062723c751e8b465ee728b)
Start importing Assets/soldier_run.png using Guid(84efbe0b2ef5f6342a34e9552efd23e7) Importer(815301076,1909f56bfc062723c751e8b465ee728b)  -> (artifact id: 'a2dc8b5aa114e298e9de6261d6cddc55') in 0.031580 seconds
  Import took 0.035771 seconds .

========================================================================
Received Import Request.
  Time since last request: 2.785916 seconds.
  path: Assets/soldierDEath.png
  artifactKey: Guid(26edd9996f4e26540ab1f9c87d32ab8b) Importer(815301076,1909f56bfc062723c751e8b465ee728b)
Start importing Assets/soldierDEath.png using Guid(26edd9996f4e26540ab1f9c87d32ab8b) Importer(815301076,1909f56bfc062723c751e8b465ee728b)  -> (artifact id: '5131cd0a4e2a86d15475b5f35573c11a') in 0.017193 seconds
  Import took 0.020863 seconds .

========================================================================
Received Import Request.
  Time since last request: 7.566275 seconds.
  path: Assets/soldierDEath.png
  artifactKey: Guid(26edd9996f4e26540ab1f9c87d32ab8b) Importer(815301076,1909f56bfc062723c751e8b465ee728b)
Start importing Assets/soldierDEath.png using Guid(26edd9996f4e26540ab1f9c87d32ab8b) Importer(815301076,1909f56bfc062723c751e8b465ee728b)  -> (artifact id: '6050ad30a587edc3dfdf214afe393359') in 0.035918 seconds
  Import took 0.039783 seconds .

========================================================================
Received Import Request.
  Time since last request: 93.100773 seconds.
  path: Assets/boom_shhet.png
  artifactKey: Guid(8c8069d489b587c4da510066db4b4726) Importer(815301076,1909f56bfc062723c751e8b465ee728b)
Start importing Assets/boom_shhet.png using Guid(8c8069d489b587c4da510066db4b4726) Importer(815301076,1909f56bfc062723c751e8b465ee728b)  -> (artifact id: '60785c96d7430b7f3d5c943cc18facf5') in 0.042647 seconds
  Import took 0.047056 seconds .

========================================================================
Received Import Request.
  Time since last request: 143.638742 seconds.
  path: Assets/soldier_run.png
  artifactKey: Guid(84efbe0b2ef5f6342a34e9552efd23e7) Importer(815301076,1909f56bfc062723c751e8b465ee728b)
Start importing Assets/soldier_run.png using Guid(84efbe0b2ef5f6342a34e9552efd23e7) Importer(815301076,1909f56bfc062723c751e8b465ee728b)  -> (artifact id: '0adda10e97837d49db233d206198803a') in 0.020806 seconds
  Import took 0.024309 seconds .

========================================================================
Received Import Request.
  Time since last request: 6.591875 seconds.
  path: Assets/soldier_run.png
  artifactKey: Guid(84efbe0b2ef5f6342a34e9552efd23e7) Importer(815301076,1909f56bfc062723c751e8b465ee728b)
Start importing Assets/soldier_run.png using Guid(84efbe0b2ef5f6342a34e9552efd23e7) Importer(815301076,1909f56bfc062723c751e8b465ee728b)  -> (artifact id: '15d120bcff13472b090d90a5f2f77e2d') in 0.024447 seconds
  Import took 0.027607 seconds .

========================================================================
Received Import Request.
  Time since last request: 18.726727 seconds.
  path: Assets/drop_podFLIGHT.png
  artifactKey: Guid(8b906da75ec5abd4c882eef17451ea9f) Importer(815301076,1909f56bfc062723c751e8b465ee728b)
Start importing Assets/drop_podFLIGHT.png using Guid(8b906da75ec5abd4c882eef17451ea9f) Importer(815301076,1909f56bfc062723c751e8b465ee728b)  -> (artifact id: '0a28a7ed5730ed94c2c6ad5c1e878387') in 0.019118 seconds
  Import took 0.022049 seconds .

========================================================================
Received Import Request.
  Time since last request: 6.959180 seconds.
  path: Assets/Ilumisoft
  artifactKey: Guid(59b837ffae5263c4d98abe017f4ff6a3) Importer(815301076,1909f56bfc062723c751e8b465ee728b)
Start importing Assets/Ilumisoft using Guid(59b837ffae5263c4d98abe017f4ff6a3) Importer(815301076,1909f56bfc062723c751e8b465ee728b)  -> (artifact id: '7532479d3460b2b217b674d566830ed2') in 0.005697 seconds
  Import took 0.008359 seconds .

AssetImportWorkerClient::OnTransportError - code=2 error=End of file
